#
# A fatal error has been detected by the Java Runtime Environment:
#
#  SIGBUS (0xa) at pc=0x00000001375340bc, pid=54911, tid=259
#
# JRE version: OpenJDK Runtime Environment (19.0.1+10) (build 19.0.1+10-21)
# Java VM: OpenJDK 64-Bit Server VM (19.0.1+10-21, mixed mode, sharing, tiered, compressed oops, compressed class ptrs, g1 gc, bsd-aarch64)
# Problematic frame:
# v  ~StubRoutines::call_stub 0x00000001375340bc
#
# No core dump will be written. Core dumps have been disabled. To enable core dumping, try "ulimit -c unlimited" before starting Java again
#
# If you would like to submit a bug report, please visit:
#   https://bugreport.java.com/bugreport/crash.jsp
#

---------------  S U M M A R Y ------------

Command Line: -javaagent:/Applications/IntelliJ IDEA CE.app/Contents/lib/idea_rt.jar=56138:/Applications/IntelliJ IDEA CE.app/Contents/bin -Dfile.encoding=UTF-8 -Dsun.stdout.encoding=UTF-8 -Dsun.stderr.encoding=UTF-8 --module-path=/Users/salmaahmed/.m2/repository/org/openjfx/javafx-fxml/17.0.1/javafx-fxml-17.0.1-mac-aarch64.jar:/Users/salmaahmed/.m2/repository/com/github/almasb/fxgl/17/fxgl-17.jar:/Users/salmaahmed/.m2/repository/com/dlsc/formsfx/formsfx-core/11.3.2/formsfx-core-11.3.2.jar:/Users/salmaahmed/.m2/repository/org/openjfx/javafx-media/17.0.1/javafx-media-17.0.1-mac-aarch64.jar:/Users/salmaahmed/.m2/repository/com/github/almasb/fxgl-core/17/fxgl-core-17.jar:/Users/salmaahmed/.m2/repository/com/gluonhq/attach/util/4.0.9/util-4.0.9.jar:/Users/salmaahmed/.m2/repository/com/github/almasb/fxgl-entity/17/fxgl-entity-17.jar:/Users/salmaahmed/.m2/repository/org/openjfx/javafx-web/17.0.1/javafx-web-17.0.1-mac-aarch64.jar:/Users/salmaahmed/.m2/repository/com/github/almasb/fxgl-scene/17/fxgl-scene-17.jar:/Users/salmaahmed/.m2/repository/com/github/almasb/fxgl-io/17/fxgl-io-17.jar:/Users/salmaahmed/.m2/repository/com/gluonhq/attach/audio/4.0.9/audio-4.0.9.jar:/Users/salmaahmed/.m2/repository/com/github/almasb/fxgl-gameplay/17/fxgl-gameplay-17.jar:/Users/salmaahmed/.m2/repository/org/openjfx/javafx-graphics/17.0.1/javafx-graphics-17.0.1-mac-aarch64.jar:/Users/salmaahmed/IdeaProjects/BloodBankManagmetSystem/target/classes:/Users/salmaahmed/.m2/repository/org/openjfx/javafx-controls/17.0.1/javafx-controls-17.0.1-mac-aarch64.jar:/Users/salmaahmed/.m2/repository/org/controlsfx/controlsfx/11.1.1/controlsfx-11.1.1.jar:/Users/salmaahmed/.m2/repository/org/jetbrains/kotlin/kotlin-stdlib/1.5.32/kotlin-stdlib-1.5.32-modular.jar:/Users/salmaahmed/.m2/repository/org/kordamp/bootstrapfx/bootstrapfx-core/0.4.0/bootstrapfx-core-0.4.0.jar:/Users/salmaahmed/.m2/repository/com/gluonhq/attach/lifecycle/4.0.9/lifecycle-4.0.9.jar:/Users/salmaahmed/.m2/repository/com/fasterxml/jackson/core/jackson-annotations/2.12.1/jackson-annotations-2.12.1.jar:/Users/salmaahmed/.m2/repository/com/fasterxml/jackson/core/jackson-databind/2.12.1/jackson-databind-2.12.1.jar:/Users/salmaahmed/.m2/repository/org/openjfx/-Djdk.module.main=com.example.bloodbankmanagmetsystem com.example.bloodbankmanagmetsystem/com.example.bloodbankmanagmetsystem.HomePage

Host: "MacBookPro17,1" arm64, 8 cores, 8G, Darwin 21.5.0, macOS 12.4 (21F79)
Time: Sat Dec 17 21:49:28 2022 EET elapsed time: 136.277778 seconds (0d 0h 2m 16s)

---------------  T H R E A D  ---------------

Current thread (0x00000001250b9800):  JavaThread "JavaFX Application Thread" [_thread_in_Java, id=259, stack(0x000000016f198000,0x000000016f994000)]

Stack: [0x000000016f198000,0x000000016f994000],  sp=0x000000016f98f5f0,  free space=8157k
Native frames: (J=compiled Java code, j=interpreted, Vv=VM code, C=native code)
v  ~StubRoutines::call_stub 0x00000001375340bc
V  [libjvm.dylib+0x542e64]  _ZL20jni_invoke_nonstaticP7JNIEnv_P9JavaValueP8_jobject11JNICallTypeP10_jmethodIDP18JNI_ArgumentPusherP10JavaThread+0x2f8
V  [libjvm.dylib+0x5470c4]  jni_CallVoidMethod+0x120
C  [libglass.dylib+0x100ac]  -[GlassViewDelegate sendJavaMouseEvent:]+0x96c
C  [AppKit+0x2d3a3c]  -[NSTrackingArea mouseMoved:]+0x7c
C  [AppKit+0x1b2a34]  -[NSWindow(NSEventRouting) _reallySendEvent:isDelayedEvent:]+0x104c
C  [AppKit+0x1b1780]  -[NSWindow(NSEventRouting) sendEvent:]+0x15c
C  [libglass.dylib+0x1b9bc]  -[GlassWindow_Normal sendEvent:]+0x68
C  [AppKit+0x1b03a8]  -[NSApplication(NSEvent) sendEvent:]+0x75c
C  [AppKit+0x46a4f8]  -[NSApplication _handleEvent:]+0x4c
C  [AppKit+0x32278]  -[NSApplication run]+0x27c
C  [libglass.dylib+0xcc1c]  -[GlassApplication runLoop:]+0x7cc
C  [Foundation+0x84fc4]  __NSThreadPerformPerform+0xd4
C  [CoreFoundation+0x85034]  __CFRUNLOOP_IS_CALLING_OUT_TO_A_SOURCE0_PERFORM_FUNCTION__+0x1c
C  [CoreFoundation+0x84f80]  __CFRunLoopDoSource0+0xd0
C  [CoreFoundation+0x84c80]  __CFRunLoopDoSources0+0x10c
C  [CoreFoundation+0x83600]  __CFRunLoopRun+0x33c
C  [CoreFoundation+0x82b24]  CFRunLoopRunSpecific+0x258
C  [libjli.dylib+0xb5c4]  CreateExecutionEnvironment+0x190
C  [libjli.dylib+0x79c0]  JLI_Launch+0x4bc
C  [java+0x3bb0]  main+0x194
C  0x00000001004e108c


siginfo: si_signo: 10 (SIGBUS), si_code: 1 (BUS_ADRALN), si_addr: 0x00000001375340bc

Registers:
 x0=0x000000016f98f630  x1=0x000000016f98f818  x2=0x000000000000000a  x3=0x000000015050e4d0
 x4=0x0000000137685880  x5=0x000000012581b9b8  x6=0x000000000000000a  x7=0x00000001250b9800
 x8=0x00000001375340bc  x9=0x0000000000000000 x10=0x000000012581b9b8 x11=0x0000000000000009
x12=0x000000000000000a x13=0x000000015050c190 x14=0x00000000c7a26800 x15=0x000000000000004d
x16=0x0000000000000048 x17=0x00006000004eaf00 x18=0x0000000000000000 x19=0x00000001250b9800
x20=0x000000016f98f810 x21=0x000000016f98f6e0 x22=0x000000016f98f6f0 x23=0x0000000137685880
x24=0x000000000000000a x25=0x0000000000000001 x26=0x000000012581b9b8 x27=0x000000000000000f
x28=0x000000000000000a  fp=0x000000016f98f6c0  lr=0x0000000101bb3ab8  sp=0x000000016f98f5f0
pc=0x00000001375340bc cpsr=0x0000000060001000

Register to memory mapping:

 x0=0x000000016f98f630 is pointing into the stack for thread: 0x00000001250b9800
 x1=0x000000016f98f818 is pointing into the stack for thread: 0x00000001250b9800
 x2=0x000000000000000a is an unknown value
 x3={method} {0x000000015050e4d0} 'notifyMouse' '(IIIIIIIZZ)V' in 'com/sun/glass/ui/mac/MacView'
 x4=0x0000000137685880 is at code_begin+0 in an AdapterHandler
Adapter for signature: 0x0000000137685880 is at code_begin+0 in 
[CodeBlob (0x0000000137685810)]
Framesize: 0
BufferBlob (0x0000000137685810) used for I2C/C2I adapters
 x5=0x000000012581b9b8 points into unknown readable memory: 0x0000000785dc2580 | 80 25 dc 85 07 00 00 00
 x6=0x000000000000000a is an unknown value
 x7=0x00000001250b9800 is a thread
 x8=0x00000001375340bc is at begin+0 in a stub
StubRoutines::call_stub [0x00000001375340bc, 0x00000001375341c8] (268 bytes)
 x9=0x0 is NULL
x10=0x000000012581b9b8 points into unknown readable memory: 0x0000000785dc2580 | 80 25 dc 85 07 00 00 00
x11=0x0000000000000009 is an unknown value
x12=0x000000000000000a is an unknown value
x13={method} {0x000000015050c190} 'notifyMouse' '(IIIIIIIZZ)V' in 'com/sun/glass/ui/View'
x14=0x00000000c7a26800 is an unknown value
x15=0x000000000000004d is an unknown value
x16=0x0000000000000048 is an unknown value
x17=0x00006000004eaf00 points into unknown readable memory: 0x00000000ffffffff | ff ff ff ff 00 00 00 00
x18=0x0 is NULL
x19=0x00000001250b9800 is a thread
x20=0x000000016f98f810 is pointing into the stack for thread: 0x00000001250b9800
x21=0x000000016f98f6e0 is pointing into the stack for thread: 0x00000001250b9800
x22=0x000000016f98f6f0 is pointing into the stack for thread: 0x00000001250b9800
x23=0x0000000137685880 is at code_begin+0 in an AdapterHandler
Adapter for signature: 0x0000000137685880 is at code_begin+0 in 
[CodeBlob (0x0000000137685810)]
Framesize: 0
BufferBlob (0x0000000137685810) used for I2C/C2I adapters
x24=0x000000000000000a is an unknown value
x25=0x0000000000000001 is an unknown value
x26=0x000000012581b9b8 points into unknown readable memory: 0x0000000785dc2580 | 80 25 dc 85 07 00 00 00
x27=0x000000000000000f is an unknown value
x28=0x000000000000000a is an unknown value


Top of Stack: (sp=0x000000016f98f5f0)
0x000000016f98f5f0:   000000016f98f818 00000001250b9800
0x000000016f98f600:   0000600003fae000 00006000015e5590
0x000000016f98f610:   00006000015e55a0 00006000015e5678
0x000000016f98f620:   00000000000000d8 0000600003fae040
0x000000016f98f630:   00000001250b9800 000000012581b820
0x000000016f98f640:   000000015050e4d0 0000000785dc2580
0x000000016f98f650:   0000000000000000 0000000000000000
0x000000016f98f660:   0000000000000000 000000016f98f810
0x000000016f98f670:   000000016f98f810 000000012581b9b0
0x000000016f98f680:   000000012581bd88 000000012581b9a0
0x000000016f98f690:   00000000000003d8 00006000024c7690
0x000000016f98f6a0:   000000016f98f7e8 000000016f98f7e0
0x000000016f98f6b0:   000000016f98f810 00000001250b9800
0x000000016f98f6c0:   000000016f98f7d0 0000000101c12e64
0x000000016f98f6d0:   00000000000003d8 000000012581b9a0
0x000000016f98f6e0:   000000015050e4d0 00000001250b9800
0x000000016f98f6f0:   000000003f800000 0000000101c12ebc
0x000000016f98f700:   0000000000000000 0000000000000000
0x000000016f98f710:   0000000000000000 0000000000000000
0x000000016f98f720:   000000003f800000 0000600003fe5f80
0x000000016f98f730:   0000000000000000 0000000000000013
0x000000016f98f740:   000000015050c190 000000012581b9b8
0x000000016f98f750:   000000012581ba09 0000000a0000000a
0x000000016f98f760:   000000015050c100 0000000000000000
0x000000016f98f770:   ccb2f2e3ccb700e6 000000010000000e
0x000000016f98f780:   000000010fe1e910 0000000000000000
0x000000016f98f790:   0000000000000000 00000000000000d3
0x000000016f98f7a0:   00000000000000e0 000000016f98f890
0x000000016f98f7b0:   0000000123e05708 0000600003f7cd70
0x000000016f98f7c0:   0000000000000001 00000001250b9800
0x000000016f98f7d0:   000000016f98f880 0000000101c170c4
0x000000016f98f7e0:   00000001022d6af0 0000600002ab5900 

Instructions: (pc=0x00000001375340bc)
0x0000000137533fbc:   ???????? ???????? ???????? ????????
0x0000000137533fcc:   ???????? ???????? ???????? ????????
0x0000000137533fdc:   ???????? ???????? ???????? ????????
0x0000000137533fec:   ???????? ???????? ???????? ????????
0x0000000137533ffc:   ???????? 0000009b 00000000 00000001
0x000000013753400c:   00000000 022c7b50 00000001 00000000
0x000000013753401c:   00004d28 00000068 ffffffff 00004d28
0x000000013753402c:   00000000 37534080 00000001 37538d38
0x000000013753403c:   00000001 37534080 00000001 37538d38
0x000000013753404c:   00000001 37534078 00000001 37534078
0x000000013753405c:   00000001 00000000 00000000 00000000
0x000000013753406c:   00000000 021d5046 00000001 00000000
0x000000013753407c:   00000000 aa1e03e1 aa1e03f3 aa1c03e0
0x000000013753408c:   a9bf33e8 d2916e88 f2a03f28 f2c00028
0x000000013753409c:   d63f0100 a8c133e8 aa1303fe aa1303e3
0x00000001375340ac:   aa0003f3 f9400780 f900079f d61f0260
0x00000001375340bc:   a9bf7bfd 910003fd d10343bf f81f83a7
0x00000001375340cc:   b81f03a6 a93e17a4 a93d0fa2 a93c07a0
0x00000001375340dc:   a93b4fb4 a93a57b6 a9395fb8 a93867ba
0x00000001375340ec:   a9376fbc 6d3623a9 6d352bab 6d3433ad
0x00000001375340fc:   6d333baf aa0703fc aa0303ec d28eed1b
0x000000013753410c:   f2a045fb f2c0003b f940037b 910003f4
0x000000013753411c:   cb264fe8 927ced1f 340000a6 f84084a8
0x000000013753412c:   710004c6 f81f8e88 54ffffac 910003ed
0x000000013753413c:   d63f0080 a97c8ba3 f100305f 54000340
0x000000013753414c:   f1002c5f 54000300 f100185f 54000300
0x000000013753415c:   f1001c5f 54000300 b9000060 d10343b4
0x000000013753416c:   6d733baf 6d7433ad 6d752bab 6d7623a9
0x000000013753417c:   a9776fbc a97867ba a9795fb8 a97a57b6
0x000000013753418c:   a97b4fb4 a97c07a0 b85d03a2 f85d83a3
0x000000013753419c:   a97e17a4 a97f1fa6 910003bf a8c17bfd
0x00000001375341ac:   d65f03c0 f9000060 54fffdae bd000060 


Stack slot to memory mapping:
stack at sp + 0 slots: 0x000000016f98f818 is pointing into the stack for thread: 0x00000001250b9800
stack at sp + 1 slots: 0x00000001250b9800 is a thread
stack at sp + 2 slots: 0x0000600003fae000 points into unknown readable memory: 0x0000000000000002 | 02 00 00 00 00 00 00 00
stack at sp + 3 slots: 0x00006000015e5590 points into unknown readable memory: 0x0000000000000000 | 00 00 00 00 00 00 00 00
stack at sp + 4 slots: 0x00006000015e55a0 points into unknown readable memory: 0x0000000785dc2580 | 80 25 dc 85 07 00 00 00
stack at sp + 5 slots: 0x00006000015e5678 points into unknown readable memory: 0x0000000000000000 | 00 00 00 00 00 00 00 00
stack at sp + 6 slots: 0x00000000000000d8 is an unknown value
stack at sp + 7 slots: 0x0000600003fae040 points into unknown readable memory: 0x00000001250b9800 | 00 98 0b 25 01 00 00 00

StubRoutines::call_stub [0x00000001375340bc, 0x00000001375341c8] (268 bytes)
[MachCode]
  0x00000001375340bc: fd7b bfa9 | fd03 0091 | bf43 03d1 | a783 1ff8 | a603 1fb8 | a417 3ea9 | a20f 3da9 | a007 3ca9 
  0x00000001375340dc: b44f 3ba9 | b657 3aa9 | b85f 39a9 | ba67 38a9 | bc6f 37a9 | a923 366d | ab2b 356d | ad33 346d 
  0x00000001375340fc: af3b 336d | fc03 07aa | ec03 03aa | 1bed 8ed2 | fb45 a0f2 | 3b00 c0f2 | 7b03 40f9 | f403 0091 
  0x000000013753411c: e84f 26cb | 1fed 7c92 | a600 0034 | a884 40f8 | c604 0071 | 888e 1ff8 | acff ff54 | ed03 0091 
  0x000000013753413c: 8000 3fd6 | a38b 7ca9 | 5f30 00f1 | 4003 0054 | 5f2c 00f1 | 0003 0054 | 5f18 00f1 | 0003 0054 
  0x000000013753415c: 5f1c 00f1 | 0003 0054 | 6000 00b9 | b443 03d1 | af3b 736d | ad33 746d | ab2b 756d | a923 766d 
  0x000000013753417c: bc6f 77a9 | ba67 78a9 | b85f 79a9 | b657 7aa9 | b44f 7ba9 | a007 7ca9 | a203 5db8 | a383 5df8 
  0x000000013753419c: a417 7ea9 | a61f 7fa9 | bf03 0091 | fd7b c1a8 | c003 5fd6 | 6000 00f9 | aefd ff54 | 6000 00bd 
  0x00000001375341bc: 6efd ff54 | 6000 00fd | 2efd ff54 
[/MachCode]

---------------  P R O C E S S  ---------------

Threads class SMR info:
_java_thread_list=0x0000600002a3d920, length=19, elements={
0x000000012500b000, 0x000000012400ee00, 0x0000000125054800, 0x000000012505aa00,
0x0000000124010a00, 0x0000000124013200, 0x000000012400f400, 0x000000012400fa00,
0x0000000124010000, 0x0000000127010200, 0x0000000126831400, 0x0000000126831a00,
0x000000012505be00, 0x000000012603d400, 0x00000001250b9800, 0x00000001271bd000,
0x0000000126835800, 0x0000000127234200, 0x0000000124822600
}

Java Threads: ( => current thread )
  0x000000012500b000 JavaThread "main" [_thread_blocked, id=9987, stack(0x000000016fa20000,0x000000016fc23000)]
  0x000000012400ee00 JavaThread "Reference Handler" daemon [_thread_blocked, id=22531, stack(0x000000017098c000,0x0000000170b8f000)]
  0x0000000125054800 JavaThread "Finalizer" daemon [_thread_blocked, id=23043, stack(0x0000000170b98000,0x0000000170d9b000)]
  0x000000012505aa00 JavaThread "Signal Dispatcher" daemon [_thread_blocked, id=43011, stack(0x0000000170da4000,0x0000000170fa7000)]
  0x0000000124010a00 JavaThread "Service Thread" daemon [_thread_blocked, id=23555, stack(0x0000000170fb0000,0x00000001711b3000)]
  0x0000000124013200 JavaThread "Monitor Deflation Thread" daemon [_thread_blocked, id=42499, stack(0x00000001711bc000,0x00000001713bf000)]
  0x000000012400f400 JavaThread "C2 CompilerThread0" daemon [_thread_blocked, id=41987, stack(0x00000001713c8000,0x00000001715cb000)]
  0x000000012400fa00 JavaThread "C1 CompilerThread0" daemon [_thread_blocked, id=41731, stack(0x00000001715d4000,0x00000001717d7000)]
  0x0000000124010000 JavaThread "Sweeper thread" daemon [_thread_blocked, id=24323, stack(0x00000001717e0000,0x00000001719e3000)]
  0x0000000127010200 JavaThread "Common-Cleaner" daemon [_thread_blocked, id=41475, stack(0x00000001719ec000,0x0000000171bef000)]
  0x0000000126831400 JavaThread "Monitor Ctrl-Break" daemon [_thread_in_native, id=41219, stack(0x0000000171bf8000,0x0000000171dfb000)]
  0x0000000126831a00 JavaThread "Notification Thread" daemon [_thread_blocked, id=25347, stack(0x0000000171e04000,0x0000000172007000)]
  0x000000012505be00 JavaThread "QuantumRenderer-0" daemon [_thread_blocked, id=25859, stack(0x000000017221c000,0x000000017241f000)]
  0x000000012603d400 JavaThread "InvokeLaterDispatcher" daemon [_thread_blocked, id=31243, stack(0x0000000172428000,0x000000017262b000)]
=>0x00000001250b9800 JavaThread "JavaFX Application Thread" [_thread_in_Java, id=259, stack(0x000000016f198000,0x000000016f994000)]
  0x00000001271bd000 JavaThread "JavaFX-Launcher" [_thread_blocked, id=54791, stack(0x00000001728cc000,0x0000000172acf000)]
  0x0000000126835800 JavaThread "Prism Font Disposer" daemon [_thread_blocked, id=58635, stack(0x0000000177d74000,0x0000000177f77000)]
  0x0000000127234200 JavaThread "Cleaner-0" daemon [_thread_blocked, id=71435, stack(0x0000000280090000,0x0000000280293000)]
  0x0000000124822600 JavaThread "PulseTimer-CVDisplayLink thread" daemon [_thread_in_native, id=89651, stack(0x0000000172634000,0x00000001726b7000)]

Other Threads:
  0x0000000125809f10 VMThread "VM Thread" [stack: 0x0000000170668000,0x000000017086b000] [id=16899]
  0x000000010a6042f0 WatcherThread "VM Periodic Task Thread" [stack: 0x0000000172010000,0x0000000172213000] [id=40707]
  0x0000000125806c10 WorkerThread "GC Thread#0" [stack: 0x000000016fc2c000,0x000000016fe2f000] [id=19459]
  0x000000010f91f8f0 WorkerThread "GC Thread#1" [stack: 0x0000000172ad8000,0x0000000172cdb000] [id=73475]
  0x000000010f91fd90 WorkerThread "GC Thread#2" [stack: 0x0000000172ce4000,0x0000000172ee7000] [id=72963]
  0x000000010f920230 WorkerThread "GC Thread#3" [stack: 0x0000000172ef0000,0x00000001730f3000] [id=72707]
  0x0000000123f097e0 WorkerThread "GC Thread#4" [stack: 0x00000001730fc000,0x00000001732ff000] [id=57859]
  0x000000010f920ac0 WorkerThread "GC Thread#5" [stack: 0x0000000173308000,0x000000017350b000] [id=71939]
  0x00000001258072e0 ConcurrentGCThread "G1 Main Marker" [stack: 0x000000016fe38000,0x000000017003b000] [id=18947]
  0x000000010a704080 WorkerThread "G1 Conc#0" [stack: 0x0000000170044000,0x0000000170247000] [id=18435]
  0x000000010a705f10 ConcurrentGCThread "G1 Refine#0" [stack: 0x0000000170250000,0x0000000170453000] [id=12803]
  0x000000010a706840 ConcurrentGCThread "G1 Service" [stack: 0x000000017045c000,0x000000017065f000] [id=13315]

Threads with active compile tasks:

VM state: not at safepoint (normal execution)

VM Mutex/Monitor currently owned by a thread: None

Heap address: 0x0000000780000000, size: 2048 MB, Compressed Oops mode: Zero based, Oop shift amount: 3

CDS archive(s) mapped at: [0x0000000800000000-0x0000000800c44000-0x0000000800c44000), size 12861440, SharedBaseAddress: 0x0000000800000000, ArchiveRelocationMode: 0.
Compressed class space mapped at: 0x0000000801000000-0x0000000841000000, reserved size: 1073741824
Narrow klass base: 0x0000000800000000, Narrow klass shift: 0, Narrow klass range: 0x100000000

GC Precious Log:
 CardTable entry size: 512
 Card Set container configuration: InlinePtr #cards 5 size 8 Array Of Cards #cards 12 size 40 Howl #buckets 4 coarsen threshold 1843 Howl Bitmap #cards 512 size 80 coarsen threshold 460 Card regions per heap region 1 cards per card region 2048
 CPUs: 8 total, 8 available
 Memory: 8192M
 Large Page Support: Disabled
 NUMA Support: Disabled
 Compressed Oops: Enabled (Zero based)
 Heap Region Size: 1M
 Heap Min Capacity: 8M
 Heap Initial Capacity: 128M
 Heap Max Capacity: 2G
 Pre-touch: Disabled
 Parallel Workers: 8
 Concurrent Workers: 2
 Concurrent Refinement Workers: 8
 Periodic GC: Disabled

Heap:
 garbage-first heap   total 133120K, used 93803K [0x0000000780000000, 0x0000000800000000)
  region size 1024K, 41 young (41984K), 3 survivors (3072K)
 Metaspace       used 15868K, committed 16128K, reserved 1114112K
  class space    used 2186K, committed 2304K, reserved 1048576K

Heap Regions: E=young(eden), S=young(survivor), O=old, HS=humongous(starts), HC=humongous(continues), CS=collection set, F=free, OA=open archive, CA=closed archive, TAMS=top-at-mark-start (previous, next)
|   0|0x0000000780000000, 0x00000007800a2e00, 0x0000000780100000| 63%| O|  |TAMS 0x0000000780000000, 0x0000000780000000| Untracked 
|   1|0x0000000780100000, 0x0000000780200000, 0x0000000780200000|100%|HS|  |TAMS 0x0000000780100000, 0x0000000780100000| Complete 
|   2|0x0000000780200000, 0x0000000780300000, 0x0000000780300000|100%|HC|  |TAMS 0x0000000780200000, 0x0000000780200000| Complete 
|   3|0x0000000780300000, 0x0000000780400000, 0x0000000780400000|100%|HC|  |TAMS 0x0000000780300000, 0x0000000780300000| Complete 
|   4|0x0000000780400000, 0x0000000780500000, 0x0000000780500000|100%|HS|  |TAMS 0x0000000780400000, 0x0000000780400000| Complete 
|   5|0x0000000780500000, 0x0000000780600000, 0x0000000780600000|100%|HC|  |TAMS 0x0000000780500000, 0x0000000780500000| Complete 
|   6|0x0000000780600000, 0x0000000780700000, 0x0000000780700000|100%|HS|  |TAMS 0x0000000780600000, 0x0000000780600000| Complete 
|   7|0x0000000780700000, 0x0000000780800000, 0x0000000780800000|100%|HC|  |TAMS 0x0000000780700000, 0x0000000780700000| Complete 
|   8|0x0000000780800000, 0x0000000780900000, 0x0000000780900000|100%|HC|  |TAMS 0x0000000780800000, 0x0000000780800000| Complete 
|   9|0x0000000780900000, 0x0000000780a00000, 0x0000000780a00000|100%|HC|  |TAMS 0x0000000780900000, 0x0000000780900000| Complete 
|  10|0x0000000780a00000, 0x0000000780b00000, 0x0000000780b00000|100%|HC|  |TAMS 0x0000000780a00000, 0x0000000780a00000| Complete 
|  11|0x0000000780b00000, 0x0000000780c00000, 0x0000000780c00000|100%|HC|  |TAMS 0x0000000780b00000, 0x0000000780b00000| Complete 
|  12|0x0000000780c00000, 0x0000000780d00000, 0x0000000780d00000|100%|HC|  |TAMS 0x0000000780c00000, 0x0000000780c00000| Complete 
|  13|0x0000000780d00000, 0x0000000780e00000, 0x0000000780e00000|100%|HC|  |TAMS 0x0000000780d00000, 0x0000000780d00000| Complete 
|  14|0x0000000780e00000, 0x0000000780f00000, 0x0000000780f00000|100%|HC|  |TAMS 0x0000000780e00000, 0x0000000780e00000| Complete 
|  15|0x0000000780f00000, 0x0000000781000000, 0x0000000781000000|100%|HS|  |TAMS 0x0000000780f00000, 0x0000000780f00000| Complete 
|  16|0x0000000781000000, 0x0000000781100000, 0x0000000781100000|100%|HC|  |TAMS 0x0000000781000000, 0x0000000781000000| Complete 
|  17|0x0000000781100000, 0x0000000781200000, 0x0000000781200000|100%|HC|  |TAMS 0x0000000781100000, 0x0000000781100000| Complete 
|  18|0x0000000781200000, 0x0000000781300000, 0x0000000781300000|100%|HC|  |TAMS 0x0000000781200000, 0x0000000781200000| Complete 
|  19|0x0000000781300000, 0x0000000781400000, 0x0000000781400000|100%|HC|  |TAMS 0x0000000781300000, 0x0000000781300000| Complete 
|  20|0x0000000781400000, 0x0000000781500000, 0x0000000781500000|100%|HC|  |TAMS 0x0000000781400000, 0x0000000781400000| Complete 
|  21|0x0000000781500000, 0x0000000781600000, 0x0000000781600000|100%|HS|  |TAMS 0x0000000781500000, 0x0000000781500000| Complete 
|  22|0x0000000781600000, 0x0000000781700000, 0x0000000781700000|100%|HC|  |TAMS 0x0000000781600000, 0x0000000781600000| Complete 
|  23|0x0000000781700000, 0x0000000781800000, 0x0000000781800000|100%|HC|  |TAMS 0x0000000781700000, 0x0000000781700000| Complete 
|  24|0x0000000781800000, 0x0000000781900000, 0x0000000781900000|100%|HC|  |TAMS 0x0000000781800000, 0x0000000781800000| Complete 
|  25|0x0000000781900000, 0x0000000781a00000, 0x0000000781a00000|100%|HC|  |TAMS 0x0000000781900000, 0x0000000781900000| Complete 
|  26|0x0000000781a00000, 0x0000000781b00000, 0x0000000781b00000|100%|HC|  |TAMS 0x0000000781a00000, 0x0000000781a00000| Complete 
|  27|0x0000000781b00000, 0x0000000781c00000, 0x0000000781c00000|100%|HC|  |TAMS 0x0000000781b00000, 0x0000000781b00000| Complete 
|  28|0x0000000781c00000, 0x0000000781d00000, 0x0000000781d00000|100%|HC|  |TAMS 0x0000000781c00000, 0x0000000781c00000| Complete 
|  29|0x0000000781d00000, 0x0000000781e00000, 0x0000000781e00000|100%|HC|  |TAMS 0x0000000781d00000, 0x0000000781d00000| Complete 
|  30|0x0000000781e00000, 0x0000000781f00000, 0x0000000781f00000|100%|HS|  |TAMS 0x0000000781e00000, 0x0000000781e00000| Complete 
|  31|0x0000000781f00000, 0x0000000782000000, 0x0000000782000000|100%|HC|  |TAMS 0x0000000781f00000, 0x0000000781f00000| Complete 
|  32|0x0000000782000000, 0x0000000782100000, 0x0000000782100000|100%|HC|  |TAMS 0x0000000782000000, 0x0000000782000000| Complete 
|  33|0x0000000782100000, 0x0000000782200000, 0x0000000782200000|100%|HC|  |TAMS 0x0000000782100000, 0x0000000782100000| Complete 
|  34|0x0000000782200000, 0x0000000782300000, 0x0000000782300000|100%|HC|  |TAMS 0x0000000782200000, 0x0000000782200000| Complete 
|  35|0x0000000782300000, 0x0000000782400000, 0x0000000782400000|100%|HC|  |TAMS 0x0000000782300000, 0x0000000782300000| Complete 
|  36|0x0000000782400000, 0x0000000782500000, 0x0000000782500000|100%|HS|  |TAMS 0x0000000782400000, 0x0000000782400000| Complete 
|  37|0x0000000782500000, 0x0000000782600000, 0x0000000782600000|100%|HC|  |TAMS 0x0000000782500000, 0x0000000782500000| Complete 
|  38|0x0000000782600000, 0x0000000782700000, 0x0000000782700000|100%|HC|  |TAMS 0x0000000782600000, 0x0000000782600000| Complete 
|  39|0x0000000782700000, 0x0000000782800000, 0x0000000782800000|100%|HC|  |TAMS 0x0000000782700000, 0x0000000782700000| Complete 
|  40|0x0000000782800000, 0x0000000782900000, 0x0000000782900000|100%|HC|  |TAMS 0x0000000782800000, 0x0000000782800000| Complete 
|  41|0x0000000782900000, 0x0000000782a00000, 0x0000000782a00000|100%|HC|  |TAMS 0x0000000782900000, 0x0000000782900000| Complete 
|  42|0x0000000782a00000, 0x0000000782b00000, 0x0000000782b00000|100%|HC|  |TAMS 0x0000000782a00000, 0x0000000782a00000| Complete 
|  43|0x0000000782b00000, 0x0000000782c00000, 0x0000000782c00000|100%|HC|  |TAMS 0x0000000782b00000, 0x0000000782b00000| Complete 
|  44|0x0000000782c00000, 0x0000000782d00000, 0x0000000782d00000|100%|HC|  |TAMS 0x0000000782c00000, 0x0000000782c00000| Complete 
|  45|0x0000000782d00000, 0x0000000782e00000, 0x0000000782e00000|100%|HS|  |TAMS 0x0000000782d00000, 0x0000000782d00000| Complete 
|  46|0x0000000782e00000, 0x0000000782f00000, 0x0000000782f00000|100%|HC|  |TAMS 0x0000000782e00000, 0x0000000782e00000| Complete 
|  47|0x0000000782f00000, 0x0000000783000000, 0x0000000783000000|100%|HC|  |TAMS 0x0000000782f00000, 0x0000000782f00000| Complete 
|  48|0x0000000783000000, 0x0000000783100000, 0x0000000783100000|100%|HC|  |TAMS 0x0000000783000000, 0x0000000783000000| Complete 
|  49|0x0000000783100000, 0x0000000783200000, 0x0000000783200000|100%|HC|  |TAMS 0x0000000783100000, 0x0000000783100000| Complete 
|  50|0x0000000783200000, 0x0000000783300000, 0x0000000783300000|100%|HC|  |TAMS 0x0000000783200000, 0x0000000783200000| Complete 
|  51|0x0000000783300000, 0x0000000783300000, 0x0000000783400000|  0%| F|  |TAMS 0x0000000783300000, 0x0000000783300000| Untracked 
|  52|0x0000000783400000, 0x0000000783400000, 0x0000000783500000|  0%| F|  |TAMS 0x0000000783400000, 0x0000000783400000| Untracked 
|  53|0x0000000783500000, 0x0000000783500000, 0x0000000783600000|  0%| F|  |TAMS 0x0000000783500000, 0x0000000783500000| Untracked 
|  54|0x0000000783600000, 0x0000000783600000, 0x0000000783700000|  0%| F|  |TAMS 0x0000000783600000, 0x0000000783600000| Untracked 
|  55|0x0000000783700000, 0x0000000783700000, 0x0000000783800000|  0%| F|  |TAMS 0x0000000783700000, 0x0000000783700000| Untracked 
|  56|0x0000000783800000, 0x0000000783800000, 0x0000000783900000|  0%| F|  |TAMS 0x0000000783800000, 0x0000000783800000| Untracked 
|  57|0x0000000783900000, 0x0000000783900000, 0x0000000783a00000|  0%| F|  |TAMS 0x0000000783900000, 0x0000000783900000| Untracked 
|  58|0x0000000783a00000, 0x0000000783a00000, 0x0000000783b00000|  0%| F|  |TAMS 0x0000000783a00000, 0x0000000783a00000| Untracked 
|  59|0x0000000783b00000, 0x0000000783b00000, 0x0000000783c00000|  0%| F|  |TAMS 0x0000000783b00000, 0x0000000783b00000| Untracked 
|  60|0x0000000783c00000, 0x0000000783c00000, 0x0000000783d00000|  0%| F|  |TAMS 0x0000000783c00000, 0x0000000783c00000| Untracked 
|  61|0x0000000783d00000, 0x0000000783d00000, 0x0000000783e00000|  0%| F|  |TAMS 0x0000000783d00000, 0x0000000783d00000| Untracked 
|  62|0x0000000783e00000, 0x0000000783e00000, 0x0000000783f00000|  0%| F|  |TAMS 0x0000000783e00000, 0x0000000783e00000| Untracked 
|  63|0x0000000783f00000, 0x0000000783f00000, 0x0000000784000000|  0%| F|  |TAMS 0x0000000783f00000, 0x0000000783f00000| Untracked 
|  64|0x0000000784000000, 0x0000000784000000, 0x0000000784100000|  0%| F|  |TAMS 0x0000000784000000, 0x0000000784000000| Untracked 
|  65|0x0000000784100000, 0x0000000784100000, 0x0000000784200000|  0%| F|  |TAMS 0x0000000784100000, 0x0000000784100000| Untracked 
|  66|0x0000000784200000, 0x0000000784200000, 0x0000000784300000|  0%| F|  |TAMS 0x0000000784200000, 0x0000000784200000| Untracked 
|  67|0x0000000784300000, 0x0000000784300000, 0x0000000784400000|  0%| F|  |TAMS 0x0000000784300000, 0x0000000784300000| Untracked 
|  68|0x0000000784400000, 0x0000000784400000, 0x0000000784500000|  0%| F|  |TAMS 0x0000000784400000, 0x0000000784400000| Untracked 
|  69|0x0000000784500000, 0x0000000784500000, 0x0000000784600000|  0%| F|  |TAMS 0x0000000784500000, 0x0000000784500000| Untracked 
|  70|0x0000000784600000, 0x0000000784600000, 0x0000000784700000|  0%| F|  |TAMS 0x0000000784600000, 0x0000000784600000| Untracked 
|  71|0x0000000784700000, 0x0000000784700000, 0x0000000784800000|  0%| F|  |TAMS 0x0000000784700000, 0x0000000784700000| Untracked 
|  72|0x0000000784800000, 0x0000000784800000, 0x0000000784900000|  0%| F|  |TAMS 0x0000000784800000, 0x0000000784800000| Untracked 
|  73|0x0000000784900000, 0x0000000784900000, 0x0000000784a00000|  0%| F|  |TAMS 0x0000000784900000, 0x0000000784900000| Untracked 
|  74|0x0000000784a00000, 0x0000000784a00000, 0x0000000784b00000|  0%| F|  |TAMS 0x0000000784a00000, 0x0000000784a00000| Untracked 
|  75|0x0000000784b00000, 0x0000000784b00000, 0x0000000784c00000|  0%| F|  |TAMS 0x0000000784b00000, 0x0000000784b00000| Untracked 
|  76|0x0000000784c00000, 0x0000000784c00000, 0x0000000784d00000|  0%| F|  |TAMS 0x0000000784c00000, 0x0000000784c00000| Untracked 
|  77|0x0000000784d00000, 0x0000000784d00000, 0x0000000784e00000|  0%| F|  |TAMS 0x0000000784d00000, 0x0000000784d00000| Untracked 
|  78|0x0000000784e00000, 0x0000000784e00000, 0x0000000784f00000|  0%| F|  |TAMS 0x0000000784e00000, 0x0000000784e00000| Untracked 
|  79|0x0000000784f00000, 0x0000000784f00000, 0x0000000785000000|  0%| F|  |TAMS 0x0000000784f00000, 0x0000000784f00000| Untracked 
|  80|0x0000000785000000, 0x0000000785000000, 0x0000000785100000|  0%| F|  |TAMS 0x0000000785000000, 0x0000000785000000| Untracked 
|  81|0x0000000785100000, 0x0000000785100000, 0x0000000785200000|  0%| F|  |TAMS 0x0000000785100000, 0x0000000785100000| Untracked 
|  82|0x0000000785200000, 0x0000000785200000, 0x0000000785300000|  0%| F|  |TAMS 0x0000000785200000, 0x0000000785200000| Untracked 
|  83|0x0000000785300000, 0x0000000785300000, 0x0000000785400000|  0%| F|  |TAMS 0x0000000785300000, 0x0000000785300000| Untracked 
|  84|0x0000000785400000, 0x0000000785400000, 0x0000000785500000|  0%| F|  |TAMS 0x0000000785400000, 0x0000000785400000| Untracked 
|  85|0x0000000785500000, 0x0000000785500000, 0x0000000785600000|  0%| F|  |TAMS 0x0000000785500000, 0x0000000785500000| Untracked 
|  86|0x0000000785600000, 0x0000000785600000, 0x0000000785700000|  0%| F|  |TAMS 0x0000000785600000, 0x0000000785600000| Untracked 
|  87|0x0000000785700000, 0x0000000785800000, 0x0000000785800000|100%| E|  |TAMS 0x0000000785700000, 0x0000000785700000| Complete 
|  88|0x0000000785800000, 0x0000000785900000, 0x0000000785900000|100%| E|CS|TAMS 0x0000000785800000, 0x0000000785800000| Complete 
|  89|0x0000000785900000, 0x0000000785a00000, 0x0000000785a00000|100%| E|CS|TAMS 0x0000000785900000, 0x0000000785900000| Complete 
|  90|0x0000000785a00000, 0x0000000785b00000, 0x0000000785b00000|100%| E|CS|TAMS 0x0000000785a00000, 0x0000000785a00000| Complete 
|  91|0x0000000785b00000, 0x0000000785c00000, 0x0000000785c00000|100%| E|CS|TAMS 0x0000000785b00000, 0x0000000785b00000| Complete 
|  92|0x0000000785c00000, 0x0000000785d00000, 0x0000000785d00000|100%| E|CS|TAMS 0x0000000785c00000, 0x0000000785c00000| Complete 
|  93|0x0000000785d00000, 0x0000000785e00000, 0x0000000785e00000|100%| E|CS|TAMS 0x0000000785d00000, 0x0000000785d00000| Complete 
|  94|0x0000000785e00000, 0x0000000785f00000, 0x0000000785f00000|100%| E|CS|TAMS 0x0000000785e00000, 0x0000000785e00000| Complete 
|  95|0x0000000785f00000, 0x0000000786000000, 0x0000000786000000|100%| E|CS|TAMS 0x0000000785f00000, 0x0000000785f00000| Complete 
|  96|0x0000000786000000, 0x0000000786100000, 0x0000000786100000|100%| E|CS|TAMS 0x0000000786000000, 0x0000000786000000| Complete 
|  97|0x0000000786100000, 0x0000000786200000, 0x0000000786200000|100%| E|CS|TAMS 0x0000000786100000, 0x0000000786100000| Complete 
|  98|0x0000000786200000, 0x0000000786300000, 0x0000000786300000|100%| E|CS|TAMS 0x0000000786200000, 0x0000000786200000| Complete 
|  99|0x0000000786300000, 0x0000000786400000, 0x0000000786400000|100%| E|CS|TAMS 0x0000000786300000, 0x0000000786300000| Complete 
| 100|0x0000000786400000, 0x0000000786500000, 0x0000000786500000|100%| E|CS|TAMS 0x0000000786400000, 0x0000000786400000| Complete 
| 101|0x0000000786500000, 0x0000000786600000, 0x0000000786600000|100%| E|CS|TAMS 0x0000000786500000, 0x0000000786500000| Complete 
| 102|0x0000000786600000, 0x0000000786700000, 0x0000000786700000|100%| S|CS|TAMS 0x0000000786600000, 0x0000000786600000| Complete 
| 103|0x0000000786700000, 0x0000000786800000, 0x0000000786800000|100%| S|CS|TAMS 0x0000000786700000, 0x0000000786700000| Complete 
| 104|0x0000000786800000, 0x0000000786900000, 0x0000000786900000|100%| S|CS|TAMS 0x0000000786800000, 0x0000000786800000| Complete 
| 105|0x0000000786900000, 0x0000000786a00000, 0x0000000786a00000|100%| E|CS|TAMS 0x0000000786900000, 0x0000000786900000| Complete 
| 106|0x0000000786a00000, 0x0000000786b00000, 0x0000000786b00000|100%| E|CS|TAMS 0x0000000786a00000, 0x0000000786a00000| Complete 
| 107|0x0000000786b00000, 0x0000000786c00000, 0x0000000786c00000|100%| E|CS|TAMS 0x0000000786b00000, 0x0000000786b00000| Complete 
| 108|0x0000000786c00000, 0x0000000786d00000, 0x0000000786d00000|100%| E|CS|TAMS 0x0000000786c00000, 0x0000000786c00000| Complete 
| 109|0x0000000786d00000, 0x0000000786e00000, 0x0000000786e00000|100%| E|CS|TAMS 0x0000000786d00000, 0x0000000786d00000| Complete 
| 110|0x0000000786e00000, 0x0000000786f00000, 0x0000000786f00000|100%| E|CS|TAMS 0x0000000786e00000, 0x0000000786e00000| Complete 
| 111|0x0000000786f00000, 0x0000000787000000, 0x0000000787000000|100%| E|CS|TAMS 0x0000000786f00000, 0x0000000786f00000| Complete 
| 112|0x0000000787000000, 0x0000000787100000, 0x0000000787100000|100%| E|CS|TAMS 0x0000000787000000, 0x0000000787000000| Complete 
| 113|0x0000000787100000, 0x0000000787200000, 0x0000000787200000|100%| E|CS|TAMS 0x0000000787100000, 0x0000000787100000| Complete 
| 114|0x0000000787200000, 0x0000000787300000, 0x0000000787300000|100%| E|CS|TAMS 0x0000000787200000, 0x0000000787200000| Complete 
| 115|0x0000000787300000, 0x0000000787400000, 0x0000000787400000|100%| E|CS|TAMS 0x0000000787300000, 0x0000000787300000| Complete 
| 116|0x0000000787400000, 0x0000000787500000, 0x0000000787500000|100%| E|CS|TAMS 0x0000000787400000, 0x0000000787400000| Complete 
| 117|0x0000000787500000, 0x0000000787600000, 0x0000000787600000|100%| E|CS|TAMS 0x0000000787500000, 0x0000000787500000| Complete 
| 118|0x0000000787600000, 0x0000000787700000, 0x0000000787700000|100%| E|CS|TAMS 0x0000000787600000, 0x0000000787600000| Complete 
| 119|0x0000000787700000, 0x0000000787800000, 0x0000000787800000|100%| E|CS|TAMS 0x0000000787700000, 0x0000000787700000| Complete 
| 120|0x0000000787800000, 0x0000000787900000, 0x0000000787900000|100%| E|CS|TAMS 0x0000000787800000, 0x0000000787800000| Complete 
| 121|0x0000000787900000, 0x0000000787a00000, 0x0000000787a00000|100%| E|CS|TAMS 0x0000000787900000, 0x0000000787900000| Complete 
| 122|0x0000000787a00000, 0x0000000787b00000, 0x0000000787b00000|100%| E|CS|TAMS 0x0000000787a00000, 0x0000000787a00000| Complete 
| 123|0x0000000787b00000, 0x0000000787c00000, 0x0000000787c00000|100%| E|CS|TAMS 0x0000000787b00000, 0x0000000787b00000| Complete 
| 124|0x0000000787c00000, 0x0000000787d00000, 0x0000000787d00000|100%| E|CS|TAMS 0x0000000787c00000, 0x0000000787c00000| Complete 
| 125|0x0000000787d00000, 0x0000000787e00000, 0x0000000787e00000|100%| E|CS|TAMS 0x0000000787d00000, 0x0000000787d00000| Complete 
| 126|0x0000000787e00000, 0x0000000787f00000, 0x0000000787f00000|100%| E|CS|TAMS 0x0000000787e00000, 0x0000000787e00000| Complete 
| 127|0x0000000787f00000, 0x0000000788000000, 0x0000000788000000|100%| E|CS|TAMS 0x0000000787f00000, 0x0000000787f00000| Complete 
|2046|0x00000007ffe00000, 0x00000007ffe78000, 0x00000007fff00000| 46%|OA|  |TAMS 0x00000007ffe00000, 0x00000007ffe00000| Untracked 
|2047|0x00000007fff00000, 0x00000007fff80000, 0x0000000800000000| 50%|CA|  |TAMS 0x00000007fff00000, 0x00000007fff00000| Untracked 

Card table byte_map: [0x0000000100d84000,0x0000000101184000] _byte_map_base: 0x00000000fd184000

Marking Bits (Prev, Next): (CMBitMap*) 0x0000000125030a10, (CMBitMap*) 0x0000000125030a50
 Prev Bits: [0x000000010b000000, 0x000000010d000000)
 Next Bits: [0x000000010d000000, 0x000000010f000000)

Polling page: 0x00000001006ac000

Metaspace:

Usage:
  Non-class:     13.36 MB used.
      Class:      2.14 MB used.
       Both:     15.50 MB used.

Virtual space:
  Non-class space:       64.00 MB reserved,      13.50 MB ( 21%) committed,  1 nodes.
      Class space:        1.00 GB reserved,       2.25 MB ( <1%) committed,  1 nodes.
             Both:        1.06 GB reserved,      15.75 MB (  1%) committed. 

Chunk freelists:
   Non-Class:  1.94 MB
       Class:  1.70 MB
        Both:  3.64 MB

MaxMetaspaceSize: unlimited
CompressedClassSpaceSize: 1.00 GB
Initial GC threshold: 21.00 MB
Current GC threshold: 21.00 MB
CDS: on
MetaspaceReclaimPolicy: balanced
 - commit_granule_bytes: 65536.
 - commit_granule_words: 8192.
 - virtual_space_node_default_size: 8388608.
 - enlarge_chunks_in_place: 1.
 - new_chunks_are_fully_committed: 0.
 - uncommit_free_chunks: 1.
 - use_allocation_guard: 0.


Internal statistics:

num_allocs_failed_limit: 0.
num_arena_births: 352.
num_arena_deaths: 0.
num_vsnodes_births: 2.
num_vsnodes_deaths: 0.
num_space_committed: 252.
num_space_uncommitted: 0.
num_chunks_returned_to_freelist: 0.
num_chunks_taken_from_freelist: 828.
num_chunk_merges: 0.
num_chunk_splits: 589.
num_chunks_enlarged: 454.
num_inconsistent_stats: 0.

CodeHeap 'non-profiled nmethods': size=120032Kb used=1133Kb max_used=1133Kb free=118898Kb
 bounds [0x0000000137ac8000, 0x0000000137d38000, 0x000000013f000000]
CodeHeap 'profiled nmethods': size=120016Kb used=5311Kb max_used=5311Kb free=114704Kb
 bounds [0x0000000130000000, 0x0000000130530000, 0x0000000137534000]
CodeHeap 'non-nmethods': size=5712Kb used=1447Kb max_used=1582Kb free=4264Kb
 bounds [0x0000000137534000, 0x00000001377a4000, 0x0000000137ac8000]
 total_blobs=3606 nmethods=2816 adapters=704
 compilation: enabled
              stopped_count=0, restarted_count=0
 full_count=0

Compilation events (20 events):
Event: 135.665 Thread 0x000000012400fa00 2970       3       com.sun.javafx.font.coretext.CGSize::<init> (5 bytes)
Event: 135.665 Thread 0x000000012400fa00 nmethod 2970 0x000000013052c810 code [0x000000013052c9c0, 0x000000013052cb18]
Event: 135.665 Thread 0x000000012400f400 2972       4       java.util.concurrent.locks.AbstractQueuedSynchronizer::release (19 bytes)
Event: 135.668 Thread 0x000000012400f400 nmethod 2972 0x0000000137be2890 code [0x0000000137be2a80, 0x0000000137be2dd0]
Event: 135.707 Thread 0x000000012400fa00 2973       3       com.sun.javafx.tk.Toolkit::runPulse (26 bytes)
Event: 135.709 Thread 0x000000012400fa00 nmethod 2973 0x000000013052cc10 code [0x000000013052cf00, 0x000000013052da38]
Event: 135.709 Thread 0x000000012400fa00 2974       3       com.sun.javafx.tk.Toolkit$$Lambda$301/0x00000008011c5ec0::<init> (10 bytes)
Event: 135.709 Thread 0x000000012400fa00 nmethod 2974 0x000000013052de90 code [0x000000013052e040, 0x000000013052e218]
Event: 135.709 Thread 0x000000012400fa00 2975       1       javafx.scene.Scene::isFocusDirty (5 bytes)
Event: 135.709 Thread 0x000000012400fa00 nmethod 2975 0x0000000137be2f10 code [0x0000000137be30c0, 0x0000000137be3158]
Event: 136.261 Thread 0x000000012400fa00 2976  s    3       com.sun.javafx.font.PrismFontFactory::getFontFactory (123 bytes)
Event: 136.262 Thread 0x000000012400fa00 nmethod 2976 0x000000013052e310 code [0x000000013052e540, 0x000000013052eac8]
Event: 136.262 Thread 0x000000012400fa00 2977       3       com.sun.javafx.font.PrismFontFactory::isLCDTextSupported (4 bytes)
Event: 136.262 Thread 0x000000012400fa00 nmethod 2977 0x000000013052ec90 code [0x000000013052ee40, 0x000000013052ef58]
Event: 136.262 Thread 0x000000012400fa00 2979       3       com.sun.prism.es2.GLContext::drawIndexedQuads (11 bytes)
Event: 136.262 Thread 0x000000012400fa00 nmethod 2979 0x000000013052f010 code [0x000000013052f1c0, 0x000000013052f348]
Event: 136.262 Thread 0x000000012400fa00 2978       3       com.sun.javafx.font.CompositeStrike::getAAMode (18 bytes)
Event: 136.262 Thread 0x000000012400fa00 nmethod 2978 0x000000013052f410 code [0x000000013052f600, 0x000000013052f8c8]
Event: 136.262 Thread 0x000000012400fa00 2980       3       com.sun.prism.impl.BaseResourcePool$WeakLinkedList::getResource (11 bytes)
Event: 136.262 Thread 0x000000012400fa00 nmethod 2980 0x000000013052fa10 code [0x000000013052fbc0, 0x000000013052fe98]

GC Heap History (2 events):
Event: 0.411 GC heap before
{Heap before GC invocations=0 (full 0):
 garbage-first heap   total 133120K, used 23520K [0x0000000780000000, 0x0000000800000000)
  region size 1024K, 23 young (23552K), 0 survivors (0K)
 Metaspace       used 6420K, committed 6656K, reserved 1114112K
  class space    used 747K, committed 832K, reserved 1048576K
}
Event: 0.414 GC heap after
{Heap after GC invocations=1 (full 0):
 garbage-first heap   total 133120K, used 4715K [0x0000000780000000, 0x0000000800000000)
  region size 1024K, 3 young (3072K), 3 survivors (3072K)
 Metaspace       used 6420K, committed 6656K, reserved 1114112K
  class space    used 747K, committed 832K, reserved 1048576K
}

Dll operation events (15 events):
Event: 0.007 Loaded shared library /Users/salmaahmed/Library/Java/JavaVirtualMachines/openjdk-19.0.1/Contents/Home/lib/libjava.dylib
Event: 0.019 Loaded shared library /Users/salmaahmed/Library/Java/JavaVirtualMachines/openjdk-19.0.1/Contents/Home/lib/libnio.dylib
Event: 0.033 Loaded shared library /Users/salmaahmed/Library/Java/JavaVirtualMachines/openjdk-19.0.1/Contents/Home/lib/libzip.dylib
Event: 0.057 Loaded shared library /Users/salmaahmed/Library/Java/JavaVirtualMachines/openjdk-19.0.1/Contents/Home/lib/libnet.dylib
Event: 0.101 Loaded shared library /Users/salmaahmed/Library/Java/JavaVirtualMachines/openjdk-19.0.1/Contents/Home/lib/libzip.dylib
Event: 0.102 Loaded shared library /Users/salmaahmed/Library/Java/JavaVirtualMachines/openjdk-19.0.1/Contents/Home/lib/libinstrument.dylib
Event: 0.151 Loading shared library /Users/salmaahmed/.m2/repository/org/openjfx/javafx-graphics/17.0.1/libprism_es2.dylib failed, dlopen(/Users/salmaahmed/.m2/repository/org/openjfx/javafx-graphics/17.0.1/libprism_es2.dylib, 0x0001): tried: '/Users/salmaahmed/.m2/rep
Event: 0.166 Loaded shared library /Users/salmaahmed/.openjfx/cache/17.0.1/libprism_es2.dylib
Event: 0.215 Loading shared library /Users/salmaahmed/.m2/repository/org/openjfx/javafx-graphics/17.0.1/libglass.dylib failed, dlopen(/Users/salmaahmed/.m2/repository/org/openjfx/javafx-graphics/17.0.1/libglass.dylib, 0x0001): tried: '/Users/salmaahmed/.m2/repository/
Event: 0.221 Loaded shared library /Users/salmaahmed/.openjfx/cache/17.0.1/libglass.dylib
Event: 0.389 Loaded shared library /Users/salmaahmed/Library/Java/JavaVirtualMachines/openjdk-19.0.1/Contents/Home/lib/libjimage.dylib
Event: 0.493 Loading shared library /Users/salmaahmed/.m2/repository/org/openjfx/javafx-graphics/17.0.1/libjavafx_font.dylib failed, dlopen(/Users/salmaahmed/.m2/repository/org/openjfx/javafx-graphics/17.0.1/libjavafx_font.dylib, 0x0001): tried: '/Users/salmaahmed/.m2
Event: 0.495 Loaded shared library /Users/salmaahmed/.openjfx/cache/17.0.1/libjavafx_font.dylib
Event: 128.781 Loading shared library /Users/salmaahmed/.m2/repository/org/openjfx/javafx-graphics/17.0.1/libjavafx_iio.dylib failed, dlopen(/Users/salmaahmed/.m2/repository/org/openjfx/javafx-graphics/17.0.1/libjavafx_iio.dylib, 0x0001): tried: '/Users/salmaahmed/.m2/r
Event: 128.792 Loaded shared library /Users/salmaahmed/.openjfx/cache/17.0.1/libjavafx_iio.dylib

Deoptimization events (20 events):
Event: 134.191 Thread 0x00000001250b9800 Uncommon trap: trap_request=0xffffffde fr.pc=0x0000000137bcb0a0 relative=0x00000000000000e0
Event: 134.191 Thread 0x00000001250b9800 Uncommon trap: reason=class_check action=maybe_recompile pc=0x0000000137bcb0a0 method=jdk.internal.misc.Unsafe.allocateUninitializedArray(Ljava/lang/Class;I)Ljava/lang/Object; @ 51 c2
Event: 134.191 Thread 0x00000001250b9800 DEOPT PACKING pc=0x0000000137bcb0a0 sp=0x000000016f98d760
Event: 134.191 Thread 0x00000001250b9800 DEOPT UNPACKING pc=0x000000013758321c sp=0x000000016f98d6f0 mode 2
Event: 134.191 Thread 0x00000001250b9800 Uncommon trap: trap_request=0xffffffde fr.pc=0x0000000137bcb0a0 relative=0x00000000000000e0
Event: 134.191 Thread 0x00000001250b9800 Uncommon trap: reason=class_check action=maybe_recompile pc=0x0000000137bcb0a0 method=jdk.internal.misc.Unsafe.allocateUninitializedArray(Ljava/lang/Class;I)Ljava/lang/Object; @ 51 c2
Event: 134.191 Thread 0x00000001250b9800 DEOPT PACKING pc=0x0000000137bcb0a0 sp=0x000000016f98d760
Event: 134.191 Thread 0x00000001250b9800 DEOPT UNPACKING pc=0x000000013758321c sp=0x000000016f98d6f0 mode 2
Event: 134.192 Thread 0x00000001250b9800 Uncommon trap: trap_request=0xffffffde fr.pc=0x0000000137bcb0a0 relative=0x00000000000000e0
Event: 134.192 Thread 0x00000001250b9800 Uncommon trap: reason=class_check action=maybe_recompile pc=0x0000000137bcb0a0 method=jdk.internal.misc.Unsafe.allocateUninitializedArray(Ljava/lang/Class;I)Ljava/lang/Object; @ 51 c2
Event: 134.192 Thread 0x00000001250b9800 DEOPT PACKING pc=0x0000000137bcb0a0 sp=0x000000016f98d5c0
Event: 134.192 Thread 0x00000001250b9800 DEOPT UNPACKING pc=0x000000013758321c sp=0x000000016f98d550 mode 2
Event: 134.192 Thread 0x00000001250b9800 Uncommon trap: trap_request=0xffffffde fr.pc=0x0000000137bcb0a0 relative=0x00000000000000e0
Event: 134.192 Thread 0x00000001250b9800 Uncommon trap: reason=class_check action=maybe_recompile pc=0x0000000137bcb0a0 method=jdk.internal.misc.Unsafe.allocateUninitializedArray(Ljava/lang/Class;I)Ljava/lang/Object; @ 51 c2
Event: 134.192 Thread 0x00000001250b9800 DEOPT PACKING pc=0x0000000137bcb0a0 sp=0x000000016f98d5c0
Event: 134.192 Thread 0x00000001250b9800 DEOPT UNPACKING pc=0x000000013758321c sp=0x000000016f98d550 mode 2
Event: 135.659 Thread 0x00000001250b9800 Uncommon trap: trap_request=0xffffffde fr.pc=0x0000000137b8e380 relative=0x0000000000000fc0
Event: 135.659 Thread 0x00000001250b9800 Uncommon trap: reason=class_check action=maybe_recompile pc=0x0000000137b8e380 method=javafx.scene.Node.updateLocalToParentTransform()V @ 11 c2
Event: 135.659 Thread 0x00000001250b9800 DEOPT PACKING pc=0x0000000137b8e380 sp=0x000000016f98e140
Event: 135.659 Thread 0x00000001250b9800 DEOPT UNPACKING pc=0x000000013758321c sp=0x000000016f98e0a0 mode 2

Classes loaded (20 events):
Event: 132.715 Loading class java/util/Formatter$FixedString
Event: 132.715 Loading class java/util/Formatter$FixedString done
Event: 132.715 Loading class java/time/ZonedDateTime$1
Event: 132.715 Loading class java/time/ZonedDateTime$1 done
Event: 132.719 Loading class sun/util/locale/provider/BaseLocaleDataMetaInfo
Event: 132.719 Loading class sun/util/locale/provider/BaseLocaleDataMetaInfo done
Event: 132.719 Loading class sun/util/resources/LocaleData$CommonResourceBundleProvider
Event: 132.719 Loading class sun/util/resources/LocaleData$LocaleDataResourceBundleProvider
Event: 132.719 Loading class java/util/spi/ResourceBundleProvider
Event: 132.719 Loading class java/util/spi/ResourceBundleProvider done
Event: 132.719 Loading class sun/util/resources/LocaleData$LocaleDataResourceBundleProvider done
Event: 132.719 Loading class sun/util/resources/LocaleData$CommonResourceBundleProvider done
Event: 132.720 Loading class sun/text/resources/cldr/FormatData_en
Event: 132.720 Loading class sun/text/resources/cldr/FormatData_en done
Event: 132.767 Loading class java/math/BigDecimal
Event: 132.768 Loading class java/math/BigDecimal done
Event: 132.806 Loading class java/lang/FdLibm$Hypot
Event: 132.806 Loading class java/lang/FdLibm$Hypot done
Event: 132.806 Loading class java/lang/FdLibm
Event: 132.806 Loading class java/lang/FdLibm done

Classes unloaded (0 events):
No events

Classes redefined (0 events):
No events

Internal exceptions (20 events):
Event: 126.442 Thread 0x00000001250b9800 Exception <a 'java/lang/NoSuchMethodError'{0x00000007862892c8}: 'long java.lang.invoke.DirectMethodHandle$Holder.invokeStaticInit(java.lang.Object, java.lang.Object, java.lang.Object)'> (0x00000007862892c8) 
thrown [open/src/hotspot/share/interpreter/linkResolver.cpp, line 774]
Event: 126.444 Thread 0x00000001250b9800 Exception <a 'java/lang/NoSuchMethodError'{0x00000007862a1f60}: 'java.lang.Object java.lang.invoke.DirectMethodHandle$Holder.newInvokeSpecial(java.lang.Object, java.lang.Object, long)'> (0x00000007862a1f60) 
thrown [open/src/hotspot/share/interpreter/linkResolver.cpp, line 774]
Event: 126.444 Thread 0x00000001250b9800 Exception <a 'java/lang/NoSuchMethodError'{0x00000007862a5838}: 'java.lang.Object java.lang.invoke.Invokers$Holder.linkToTargetMethod(java.lang.Object, long, java.lang.Object)'> (0x00000007862a5838) 
thrown [open/src/hotspot/share/interpreter/linkResolver.cpp, line 774]
Event: 128.629 Thread 0x00000001250b9800 Exception <a 'java/lang/NoSuchMethodError'{0x000000078610f708}: 'java.lang.Object java.lang.invoke.DirectMethodHandle$Holder.newInvokeSpecial(java.lang.Object, java.lang.Object, int, int, int, int, int, java.lang.Object)'> (0x000000078610f708) 
thrown [open/src/hotspot/share/interpreter/linkResolver.cpp, line 774]
Event: 128.631 Thread 0x00000001250b9800 Exception <a 'java/lang/NoSuchMethodError'{0x00000007861226f0}: 'java.lang.Object java.lang.invoke.DirectMethodHandle$Holder.newInvokeSpecial(java.lang.Object, java.lang.Object, java.lang.Object, int, int, int, int, int)'> (0x00000007861226f0) 
thrown [open/src/hotspot/share/interpreter/linkResolver.cpp, line 774]
Event: 128.631 Thread 0x00000001250b9800 Exception <a 'java/lang/NoSuchMethodError'{0x0000000786129f60}: 'java.lang.Object java.lang.invoke.Invokers$Holder.linkToTargetMethod(java.lang.Object, java.lang.Object, int, int, int, int, int, java.lang.Object)'> (0x0000000786129f60) 
thrown [open/src/hotspot/share/interpreter/linkResolver.cpp, line 774]
Event: 128.778 Thread 0x00000001250b9800 Exception <a 'java/io/FileNotFoundException'{0x00000007861a11f8}> (0x00000007861a11f8) 
thrown [open/src/hotspot/share/prims/jni.cpp, line 517]
Event: 128.833 Thread 0x00000001250b9800 Exception <a 'java/io/FileNotFoundException'{0x00000007861ce5d0}> (0x00000007861ce5d0) 
thrown [open/src/hotspot/share/prims/jni.cpp, line 517]
Event: 131.055 Thread 0x00000001250b9800 Exception <a 'java/io/FileNotFoundException'{0x00000007860b1fa8}> (0x00000007860b1fa8) 
thrown [open/src/hotspot/share/prims/jni.cpp, line 517]
Event: 131.071 Thread 0x00000001250b9800 Exception <a 'sun/nio/fs/UnixException'{0x00000007860b94d0}> (0x00000007860b94d0) 
thrown [open/src/hotspot/share/prims/jni.cpp, line 517]
Event: 131.074 Thread 0x00000001250b9800 Exception <a 'java/io/FileNotFoundException'{0x00000007860d04d8}> (0x00000007860d04d8) 
thrown [open/src/hotspot/share/prims/jni.cpp, line 517]
Event: 132.712 Thread 0x00000001250b9800 Exception <a 'sun/nio/fs/UnixException'{0x0000000785e62200}> (0x0000000785e62200) 
thrown [open/src/hotspot/share/prims/jni.cpp, line 517]
Event: 132.715 Thread 0x00000001250b9800 Exception <a 'java/lang/ClassNotFoundException'{0x0000000785e77598}: sun/util/logging/resources/spi/loggingProvider> (0x0000000785e77598) 
thrown [open/src/hotspot/share/classfile/systemDictionary.cpp, line 255]
Event: 132.722 Thread 0x00000001250b9800 Exception <a 'java/io/FileNotFoundException'{0x0000000785ec9c70}> (0x0000000785ec9c70) 
thrown [open/src/hotspot/share/prims/jni.cpp, line 517]
Event: 132.739 Thread 0x00000001250b9800 Exception <a 'java/io/FileNotFoundException'{0x0000000785ed0b60}> (0x0000000785ed0b60) 
thrown [open/src/hotspot/share/prims/jni.cpp, line 517]
Event: 132.759 Thread 0x00000001250b9800 Exception <a 'java/lang/NoSuchMethodError'{0x0000000785ef49e8}: 'void java.lang.invoke.Invokers$Holder.invokeExact_MT(java.lang.Object, java.lang.Object, java.lang.Object, java.lang.Object)'> (0x0000000785ef49e8) 
thrown [open/src/hotspot/share/interpreter/linkResolver.cpp, line 774]
Event: 132.783 Thread 0x00000001250b9800 Exception <a 'java/lang/ClassNotFoundException'{0x0000000785cfab28}: com/sun/javafx/scene/control/skin/resources/controls> (0x0000000785cfab28) 
thrown [open/src/hotspot/share/prims/jni.cpp, line 536]
Event: 132.783 Thread 0x00000001250b9800 Exception <a 'java/lang/ClassNotFoundException'{0x0000000785b09648}: com/sun/javafx/scene/control/skin/resources/controls_en> (0x0000000785b09648) 
thrown [open/src/hotspot/share/prims/jni.cpp, line 536]
Event: 132.783 Thread 0x00000001250b9800 Exception <a 'java/lang/ClassNotFoundException'{0x0000000785b0a8d8}: com/sun/javafx/scene/control/skin/resources/controls_en_EG> (0x0000000785b0a8d8) 
thrown [open/src/hotspot/share/prims/jni.cpp, line 536]
Event: 132.795 Thread 0x00000001250b9800 Exception <a 'java/lang/NoSuchMethodError'{0x0000000785a7e470}: 'void java.lang.invoke.DirectMethodHandle$Holder.invokeSpecial(java.lang.Object, java.lang.Object, java.lang.Object, java.lang.Object, java.lang.Object, java.lang.Object)'> (0x0000000785a7e470) 
thrown [open/src/hotspot/share/interpreter/linkResolver.cpp, line 774]

VM Operations (20 events):
Event: 130.901 Executing VM operation: Cleanup
Event: 130.901 Executing VM operation: Cleanup done
Event: 131.906 Executing VM operation: Cleanup
Event: 131.906 Executing VM operation: Cleanup done
Event: 132.791 Executing VM operation: HandshakeAllThreads
Event: 132.791 Executing VM operation: HandshakeAllThreads done
Event: 132.793 Executing VM operation: HandshakeAllThreads
Event: 132.793 Executing VM operation: HandshakeAllThreads done
Event: 132.793 Executing VM operation: ICBufferFull
Event: 132.793 Executing VM operation: ICBufferFull done
Event: 132.794 Executing VM operation: HandshakeAllThreads
Event: 132.794 Executing VM operation: HandshakeAllThreads done
Event: 132.795 Executing VM operation: HandshakeAllThreads
Event: 132.795 Executing VM operation: HandshakeAllThreads done
Event: 133.800 Executing VM operation: Cleanup
Event: 133.800 Executing VM operation: Cleanup done
Event: 134.804 Executing VM operation: Cleanup
Event: 134.804 Executing VM operation: Cleanup done
Event: 135.807 Executing VM operation: Cleanup
Event: 135.807 Executing VM operation: Cleanup done

Events (20 events):
Event: 132.074 Protecting memory [0x0000000172634000,0x0000000172640000] with protection modes 3
Event: 132.074 Thread 0x0000000124867800 Thread exited: 0x0000000124867800
Event: 132.157 Protecting memory [0x0000000172634000,0x0000000172640000] with protection modes 0
Event: 132.157 Thread 0x000000010f06b000 Thread added: 0x000000010f06b000
Event: 132.440 Protecting memory [0x0000000172634000,0x0000000172640000] with protection modes 3
Event: 132.440 Thread 0x000000010f06b000 Thread exited: 0x000000010f06b000
Event: 132.574 Protecting memory [0x0000000172634000,0x0000000172640000] with protection modes 0
Event: 132.574 Thread 0x0000000124822600 Thread added: 0x0000000124822600
Event: 133.107 Protecting memory [0x0000000172634000,0x0000000172640000] with protection modes 3
Event: 133.107 Thread 0x0000000124822600 Thread exited: 0x0000000124822600
Event: 134.190 Protecting memory [0x0000000172634000,0x0000000172640000] with protection modes 0
Event: 134.190 Thread 0x0000000124822600 Thread added: 0x0000000124822600
Event: 134.507 Protecting memory [0x0000000172634000,0x0000000172640000] with protection modes 3
Event: 134.507 Thread 0x0000000124822600 Thread exited: 0x0000000124822600
Event: 135.057 Protecting memory [0x0000000172634000,0x0000000172640000] with protection modes 0
Event: 135.057 Thread 0x0000000124822600 Thread added: 0x0000000124822600
Event: 135.340 Protecting memory [0x0000000172634000,0x0000000172640000] with protection modes 3
Event: 135.340 Thread 0x0000000124822600 Thread exited: 0x0000000124822600
Event: 135.507 Protecting memory [0x0000000172634000,0x0000000172640000] with protection modes 0
Event: 135.507 Thread 0x0000000124822600 Thread added: 0x0000000124822600


Dynamic libraries:
0x00000001004a8000 	/Users/salmaahmed/Library/Java/JavaVirtualMachines/openjdk-19.0.1/Contents/Home/lib/libjli.dylib
0x00000001c722e000 	/System/Library/Frameworks/Cocoa.framework/Versions/A/Cocoa
0x00000001b3448000 	/System/Library/Frameworks/AppKit.framework/Versions/C/AppKit
0x00000001b695b000 	/System/Library/Frameworks/CoreData.framework/Versions/A/CoreData
0x00000001b17a3000 	/System/Library/Frameworks/Foundation.framework/Versions/C/Foundation
0x00000001bb3b5000 	/usr/lib/libSystem.B.dylib
0x00000001b4300000 	/System/Library/PrivateFrameworks/UIFoundation.framework/Versions/A/UIFoundation
0x00000001c1402000 	/System/Library/PrivateFrameworks/RemoteViewServices.framework/Versions/A/RemoteViewServices
0x00000001b9875000 	/System/Library/PrivateFrameworks/XCTTargetBootstrap.framework/Versions/A/XCTTargetBootstrap
0x00000001bd0f5000 	/System/Library/PrivateFrameworks/InternationalSupport.framework/Versions/A/InternationalSupport
0x00000001bd17e000 	/System/Library/PrivateFrameworks/UserActivity.framework/Versions/A/UserActivity
0x00000001bc5ec000 	/usr/lib/libspindump.dylib
0x00000001b4571000 	/System/Library/Frameworks/UniformTypeIdentifiers.framework/Versions/A/UniformTypeIdentifiers
0x00000001b7dbf000 	/usr/lib/libapp_launch_measurement.dylib
0x00000001b72e6000 	/System/Library/PrivateFrameworks/CoreAnalytics.framework/Versions/A/CoreAnalytics
0x00000001b7dc2000 	/System/Library/PrivateFrameworks/CoreAutoLayout.framework/Versions/A/CoreAutoLayout
0x00000001b9166000 	/System/Library/Frameworks/Metal.framework/Versions/A/Metal
0x00000001b9edd000 	/usr/lib/liblangid.dylib
0x00000001b987a000 	/System/Library/PrivateFrameworks/CoreSVG.framework/Versions/A/CoreSVG
0x00000001b5a08000 	/System/Library/PrivateFrameworks/SkyLight.framework/Versions/A/SkyLight
0x00000001b5de1000 	/System/Library/Frameworks/CoreGraphics.framework/Versions/A/CoreGraphics
0x00000001c1ace000 	/System/Library/Frameworks/Accelerate.framework/Versions/A/Accelerate
0x00000001bc063000 	/System/Library/PrivateFrameworks/IconServices.framework/Versions/A/IconServices
0x00000001b9148000 	/System/Library/Frameworks/IOSurface.framework/Versions/A/IOSurface
0x00000001b7317000 	/usr/lib/libDiagnosticMessagesClient.dylib
0x00000001bb2fe000 	/usr/lib/libz.1.dylib
0x00000001c4fcf000 	/System/Library/Frameworks/ApplicationServices.framework/Versions/A/ApplicationServices
0x00000001b985d000 	/System/Library/PrivateFrameworks/DFRFoundation.framework/Versions/A/DFRFoundation
0x00000001b2cd8000 	/usr/lib/libicucore.A.dylib
0x00000001bdfa2000 	/System/Library/Frameworks/AudioToolbox.framework/Versions/A/AudioToolbox
0x00000001bd101000 	/System/Library/PrivateFrameworks/DataDetectorsCore.framework/Versions/A/DataDetectorsCore
0x00000001d3afb000 	/System/Library/PrivateFrameworks/TextInput.framework/Versions/A/TextInput
0x00000001b597d000 	/usr/lib/libMobileGestalt.dylib
0x00000001b9529000 	/System/Library/Frameworks/Carbon.framework/Versions/A/Frameworks/HIToolbox.framework/Versions/A/HIToolbox
0x00000001b7797000 	/System/Library/Frameworks/QuartzCore.framework/Versions/A/QuartzCore
0x00000001b2959000 	/System/Library/Frameworks/Security.framework/Versions/A/Security
0x00000001c1442000 	/System/Library/Frameworks/Carbon.framework/Versions/A/Frameworks/SpeechRecognition.framework/Versions/A/SpeechRecognition
0x00000001b7b15000 	/System/Library/PrivateFrameworks/CoreUI.framework/Versions/A/CoreUI
0x00000001b2235000 	/System/Library/Frameworks/CoreAudio.framework/Versions/A/CoreAudio
0x00000001b740b000 	/System/Library/Frameworks/DiskArbitration.framework/Versions/A/DiskArbitration
0x00000001bc9f6000 	/System/Library/PrivateFrameworks/MultitouchSupport.framework/Versions/A/MultitouchSupport
0x00000001b597b000 	/usr/lib/libenergytrace.dylib
0x00000001b3310000 	/System/Library/Frameworks/IOKit.framework/Versions/A/IOKit
0x00000001c1831000 	/System/Library/Frameworks/CoreServices.framework/Versions/A/CoreServices
0x00000001b7d4f000 	/System/Library/PrivateFrameworks/PerformanceAnalysis.framework/Versions/A/PerformanceAnalysis
0x0000000211f33000 	/System/Library/Frameworks/OpenGL.framework/Versions/A/OpenGL
0x00000001ba950000 	/System/Library/PrivateFrameworks/MobileKeyBag.framework/Versions/A/MobileKeyBag
0x00000001b06d7000 	/usr/lib/libobjc.A.dylib
0x00000001b63ef000 	/System/Library/Frameworks/ColorSync.framework/Versions/A/ColorSync
0x00000001b08a0000 	/System/Library/Frameworks/CoreFoundation.framework/Versions/A/CoreFoundation
0x00000001b9af9000 	/System/Library/Frameworks/CoreImage.framework/Versions/A/CoreImage
0x00000001b2059000 	/System/Library/Frameworks/CoreText.framework/Versions/A/CoreText
0x00000001b98aa000 	/System/Library/Frameworks/ImageIO.framework/Versions/A/ImageIO
0x00000001bb3bb000 	/System/Library/PrivateFrameworks/SoftLinking.framework/Versions/A/SoftLinking
0x00000001b7e0d000 	/usr/lib/libxml2.2.dylib
0x00000001b079a000 	/usr/lib/libc++.1.dylib
0x00000001bb654000 	/usr/lib/libcompression.dylib
0x00000001bd051000 	/System/Library/PrivateFrameworks/TextureIO.framework/Versions/A/TextureIO
0x00000001bbd7c000 	/usr/lib/libate.dylib
0x00000001bb3af000 	/usr/lib/system/libcache.dylib
0x00000001bb36d000 	/usr/lib/system/libcommonCrypto.dylib
0x00000001bb396000 	/usr/lib/system/libcompiler_rt.dylib
0x00000001bb38d000 	/usr/lib/system/libcopyfile.dylib
0x00000001b05db000 	/usr/lib/system/libcorecrypto.dylib
0x00000001b0690000 	/usr/lib/system/libdispatch.dylib
0x00000001b085e000 	/usr/lib/system/libdyld.dylib
0x00000001bb3a5000 	/usr/lib/system/libkeymgr.dylib
0x00000001bb348000 	/usr/lib/system/libmacho.dylib
0x00000001baa38000 	/usr/lib/system/libquarantine.dylib
0x00000001bb3a2000 	/usr/lib/system/libremovefile.dylib
0x00000001b59d4000 	/usr/lib/system/libsystem_asl.dylib
0x00000001b057d000 	/usr/lib/system/libsystem_blocks.dylib
0x00000001b0718000 	/usr/lib/system/libsystem_c.dylib
0x00000001bb39a000 	/usr/lib/system/libsystem_collections.dylib
0x00000001b9ecd000 	/usr/lib/system/libsystem_configuration.dylib
0x00000001b9129000 	/usr/lib/system/libsystem_containermanager.dylib
0x00000001bb0a5000 	/usr/lib/system/libsystem_coreservices.dylib
0x00000001b2f8e000 	/usr/lib/system/libsystem_darwin.dylib
0x00000001bb3a6000 	/usr/lib/system/libsystem_dnssd.dylib
0x00000001b0715000 	/usr/lib/system/libsystem_featureflags.dylib
0x00000001b0873000 	/usr/lib/system/libsystem_info.dylib
0x00000001bb310000 	/usr/lib/system/libsystem_m.dylib
0x00000001b0665000 	/usr/lib/system/libsystem_malloc.dylib
0x00000001b5962000 	/usr/lib/system/libsystem_networkextension.dylib
0x00000001b33e7000 	/usr/lib/system/libsystem_notify.dylib
0x00000001c1708000 	/usr/lib/system/libsystem_product_info_filter.dylib
0x00000001b9ed2000 	/usr/lib/system/libsystem_sandbox.dylib
0x00000001bb39f000 	/usr/lib/system/libsystem_secinit.dylib
0x00000001b0819000 	/usr/lib/system/libsystem_kernel.dylib
0x00000001b086b000 	/usr/lib/system/libsystem_platform.dylib
0x00000001b0851000 	/usr/lib/system/libsystem_pthread.dylib
0x00000001b7134000 	/usr/lib/system/libsystem_symptoms.dylib
0x00000001b05c1000 	/usr/lib/system/libsystem_trace.dylib
0x00000001bb37a000 	/usr/lib/system/libunwind.dylib
0x00000001b057f000 	/usr/lib/system/libxpc.dylib
0x00000001b0801000 	/usr/lib/libc++abi.dylib
0x00000001bb385000 	/usr/lib/liboah.dylib
0x00000001bbc41000 	/usr/lib/liblzma.5.dylib
0x00000001b1496000 	/System/Library/Frameworks/SystemConfiguration.framework/Versions/A/SystemConfiguration
0x00000001bb3b7000 	/usr/lib/libfakelink.dylib
0x00000001b54ad000 	/System/Library/Frameworks/CFNetwork.framework/Versions/A/CFNetwork
0x00000001bb4fd000 	/usr/lib/libarchive.2.dylib
0x00000001b9ed9000 	/System/Library/PrivateFrameworks/AppleSystemInfo.framework/Versions/A/AppleSystemInfo
0x00000001baa63000 	/usr/lib/libbsm.0.dylib
0x00000001b4a1a000 	/usr/lib/libnetwork.dylib
0x00000001bb351000 	/usr/lib/system/libkxld.dylib
0x00000001ba67d000 	/System/Library/PrivateFrameworks/IOMobileFramebuffer.framework/Versions/A/IOMobileFramebuffer
0x000000022fbfc000 	/usr/lib/libCoreEntitlements.dylib
0x00000001bb087000 	/System/Library/PrivateFrameworks/AppleFSCompression.framework/Versions/A/AppleFSCompression
0x00000001baa4b000 	/usr/lib/libcoretls.dylib
0x00000001bbc5a000 	/usr/lib/libcoretls_cfhelpers.dylib
0x00000001bb64f000 	/usr/lib/libpam.2.dylib
0x00000001b6d4b000 	/usr/lib/libsqlite3.dylib
0x00000001bbcc3000 	/usr/lib/libxar.1.dylib
0x00000001bb098000 	/usr/lib/libbz2.1.0.dylib
0x00000001bb3bc000 	/usr/lib/libpcap.A.dylib
0x00000001b712b000 	/usr/lib/libdns_services.dylib
0x00000001bb622000 	/usr/lib/libapple_nghttp2.dylib
0x00000001bb3f9000 	/usr/lib/libiconv.2.dylib
0x00000001bb347000 	/usr/lib/libcharset.1.dylib
0x00000001b7d8b000 	/System/Library/Frameworks/CoreServices.framework/Versions/A/Frameworks/FSEvents.framework/Versions/A/FSEvents
0x00000001b2f99000 	/System/Library/Frameworks/CoreServices.framework/Versions/A/Frameworks/CarbonCore.framework/Versions/A/CarbonCore
0x00000001b736b000 	/System/Library/Frameworks/CoreServices.framework/Versions/A/Frameworks/Metadata.framework/Versions/A/Metadata
0x00000001bb0ab000 	/System/Library/Frameworks/CoreServices.framework/Versions/A/Frameworks/OSServices.framework/Versions/A/OSServices
0x00000001bb583000 	/System/Library/Frameworks/CoreServices.framework/Versions/A/Frameworks/SearchKit.framework/Versions/A/SearchKit
0x00000001b70ba000 	/System/Library/Frameworks/CoreServices.framework/Versions/A/Frameworks/AE.framework/Versions/A/AE
0x00000001b0de7000 	/System/Library/Frameworks/CoreServices.framework/Versions/A/Frameworks/LaunchServices.framework/Versions/A/LaunchServices
0x00000001bbbea000 	/System/Library/Frameworks/CoreServices.framework/Versions/A/Frameworks/DictionaryServices.framework/Versions/A/DictionaryServices
0x00000001b7d98000 	/System/Library/Frameworks/CoreServices.framework/Versions/A/Frameworks/SharedFileList.framework/Versions/A/SharedFileList
0x00000001baa3b000 	/usr/lib/libCheckFix.dylib
0x00000001b59ec000 	/System/Library/PrivateFrameworks/TCC.framework/Versions/A/TCC
0x00000001b9edf000 	/System/Library/PrivateFrameworks/CoreNLP.framework/Versions/A/CoreNLP
0x00000001b731a000 	/System/Library/PrivateFrameworks/MetadataUtilities.framework/Versions/A/MetadataUtilities
0x00000001b1550000 	/usr/lib/libmecabra.dylib
0x00000001baa74000 	/usr/lib/libmecab.dylib
0x00000001b151c000 	/usr/lib/libCRFSuite.dylib
0x00000001baad1000 	/usr/lib/libgermantok.dylib
0x00000001bb5fb000 	/usr/lib/libThaiTokenizer.dylib
0x00000001b7413000 	/System/Library/Frameworks/Accelerate.framework/Versions/A/Frameworks/vImage.framework/Versions/A/vImage
0x00000001c1808000 	/System/Library/Frameworks/Accelerate.framework/Versions/A/Frameworks/vecLib.framework/Versions/A/vecLib
0x00000001bbd08000 	/System/Library/Frameworks/Accelerate.framework/Versions/A/Frameworks/vecLib.framework/Versions/A/libvMisc.dylib
0x00000001ba584000 	/System/Library/Frameworks/Accelerate.framework/Versions/A/Frameworks/vecLib.framework/Versions/A/libvDSP.dylib
0x00000001b1171000 	/System/Library/Frameworks/Accelerate.framework/Versions/A/Frameworks/vecLib.framework/Versions/A/libBLAS.dylib
0x00000001bb725000 	/System/Library/Frameworks/Accelerate.framework/Versions/A/Frameworks/vecLib.framework/Versions/A/libLAPACK.dylib
0x00000001baad4000 	/System/Library/Frameworks/Accelerate.framework/Versions/A/Frameworks/vecLib.framework/Versions/A/libLinearAlgebra.dylib
0x00000001bb63a000 	/System/Library/Frameworks/Accelerate.framework/Versions/A/Frameworks/vecLib.framework/Versions/A/libSparseBLAS.dylib
0x00000001bb720000 	/System/Library/Frameworks/Accelerate.framework/Versions/A/Frameworks/vecLib.framework/Versions/A/libQuadrature.dylib
0x00000001b9fd8000 	/System/Library/Frameworks/Accelerate.framework/Versions/A/Frameworks/vecLib.framework/Versions/A/libBNNS.dylib
0x00000001b142f000 	/System/Library/Frameworks/Accelerate.framework/Versions/A/Frameworks/vecLib.framework/Versions/A/libSparse.dylib
0x00000001b9fd0000 	/System/Library/PrivateFrameworks/LinguisticData.framework/Versions/A/LinguisticData
0x00000001b13e7000 	/System/Library/PrivateFrameworks/Lexicon.framework/Versions/A/Lexicon
0x00000001bbd00000 	/usr/lib/libChineseTokenizer.dylib
0x00000001b1b95000 	/System/Library/PrivateFrameworks/LanguageModeling.framework/Versions/A/LanguageModeling
0x00000001bb5fd000 	/System/Library/PrivateFrameworks/AppleSauce.framework/Versions/A/AppleSauce
0x00000001ba66a000 	/System/Library/PrivateFrameworks/CoreEmoji.framework/Versions/A/CoreEmoji
0x00000001bb4eb000 	/usr/lib/libcmph.dylib
0x00000001b7d6b000 	/System/Library/Frameworks/OpenDirectory.framework/Versions/A/Frameworks/CFOpenDirectory.framework/Versions/A/CFOpenDirectory
0x00000001b7d5b000 	/System/Library/Frameworks/OpenDirectory.framework/Versions/A/OpenDirectory
0x00000001bbc5c000 	/System/Library/PrivateFrameworks/APFS.framework/Versions/A/APFS
0x00000001ba98b000 	/System/Library/Frameworks/SecurityFoundation.framework/Versions/A/SecurityFoundation
0x00000001bbcd2000 	/usr/lib/libutil.dylib
0x00000001b32d2000 	/System/Library/PrivateFrameworks/CoreServicesStore.framework/Versions/A/CoreServicesStore
0x00000001bbcd6000 	/usr/lib/libxslt.1.dylib
0x00000001baa1f000 	/System/Library/PrivateFrameworks/BackgroundTaskManagement.framework/Versions/A/BackgroundTaskManagement
0x00000001bcf72000 	/System/Library/Frameworks/ImageIO.framework/Versions/A/Resources/libRadiance.dylib
0x00000001bcf7b000 	/System/Library/Frameworks/ImageIO.framework/Versions/A/Resources/libJPEG.dylib
0x00000001bcece000 	/System/Library/Frameworks/ImageIO.framework/Versions/A/Resources/libPng.dylib
0x00000001bcef0000 	/System/Library/Frameworks/ImageIO.framework/Versions/A/Resources/libTIFF.dylib
0x00000001bcfd6000 	/System/Library/Frameworks/ImageIO.framework/Versions/A/Resources/libGIF.dylib
0x00000001bc906000 	/System/Library/Frameworks/ImageIO.framework/Versions/A/Resources/libJP2.dylib
0x00000001bc028000 	/usr/lib/libexpat.1.dylib
0x00000001bc8c1000 	/System/Library/PrivateFrameworks/AppleJPEG.framework/Versions/A/AppleJPEG
0x00000001b93e5000 	/System/Library/PrivateFrameworks/FontServices.framework/libFontParser.dylib
0x00000001b705f000 	/System/Library/PrivateFrameworks/RunningBoardServices.framework/Versions/A/RunningBoardServices
0x00000001c7904000 	/System/Library/PrivateFrameworks/IOSurfaceAccelerator.framework/Versions/A/IOSurfaceAccelerator
0x00000001bc9f2000 	/System/Library/PrivateFrameworks/WatchdogClient.framework/Versions/A/WatchdogClient
0x00000001b1c95000 	/System/Library/Frameworks/CoreDisplay.framework/Versions/A/CoreDisplay
0x00000001b92cf000 	/System/Library/Frameworks/CoreMedia.framework/Versions/A/CoreMedia
0x00000001b915c000 	/System/Library/PrivateFrameworks/IOAccelerator.framework/Versions/A/IOAccelerator
0x00000001b7efb000 	/System/Library/Frameworks/CoreVideo.framework/Versions/A/CoreVideo
0x00000001bb64d000 	/System/Library/Frameworks/MetalPerformanceShaders.framework/Versions/A/MetalPerformanceShaders
0x00000001bca31000 	/System/Library/Frameworks/VideoToolbox.framework/Versions/A/VideoToolbox
0x00000001b6fa3000 	/System/Library/PrivateFrameworks/BaseBoard.framework/Versions/A/BaseBoard
0x00000001b6d31000 	/System/Library/PrivateFrameworks/ProtocolBuffer.framework/Versions/A/ProtocolBuffer
0x00000001bcf6d000 	/System/Library/PrivateFrameworks/GPUWrangler.framework/Versions/A/GPUWrangler
0x00000001bcf4d000 	/System/Library/PrivateFrameworks/IOPresentment.framework/Versions/A/IOPresentment
0x00000001bcf75000 	/System/Library/PrivateFrameworks/DSExternalDisplay.framework/Versions/A/DSExternalDisplay
0x0000000211f26000 	/System/Library/Frameworks/OpenGL.framework/Versions/A/Libraries/libCoreFSCache.dylib
0x000000021c6ec000 	/System/Library/PrivateFrameworks/GPUCompiler.framework/Versions/31001/Libraries/libGPUCompilerUtils.dylib
0x00000001bcfdb000 	/System/Library/PrivateFrameworks/CMCaptureCore.framework/Versions/A/CMCaptureCore
0x00000001bc5d9000 	/System/Library/PrivateFrameworks/AppServerSupport.framework/Versions/A/AppServerSupport
0x00000001be85f000 	/System/Library/PrivateFrameworks/perfdata.framework/Versions/A/perfdata
0x00000001b1db5000 	/System/Library/PrivateFrameworks/AudioToolboxCore.framework/Versions/A/AudioToolboxCore
0x00000001b92a8000 	/System/Library/PrivateFrameworks/caulk.framework/Versions/A/caulk
0x00000001be154000 	/usr/lib/libAudioStatistics.dylib
0x00000001d0153000 	/System/Library/PrivateFrameworks/SystemPolicy.framework/Versions/A/SystemPolicy
0x00000001be3c0000 	/usr/lib/libSMC.dylib
0x00000001c710c000 	/System/Library/Frameworks/CoreMIDI.framework/Versions/A/CoreMIDI
0x00000001bce9c000 	/usr/lib/libAudioToolboxUtility.dylib
0x00000001cc2c3000 	/System/Library/PrivateFrameworks/OSAServicesClient.framework/Versions/A/OSAServicesClient
0x00000001be86c000 	/usr/lib/libperfcheck.dylib
0x00000001d0c6f000 	/usr/lib/libmis.dylib
0x0000000211f88000 	/System/Library/Frameworks/OpenGL.framework/Versions/A/Libraries/libGLU.dylib
0x0000000211f47000 	/System/Library/Frameworks/OpenGL.framework/Versions/A/Libraries/libGFXShared.dylib
0x0000000212134000 	/System/Library/Frameworks/OpenGL.framework/Versions/A/Libraries/libGL.dylib
0x0000000211f50000 	/System/Library/Frameworks/OpenGL.framework/Versions/A/Libraries/libGLImage.dylib
0x0000000211f44000 	/System/Library/Frameworks/OpenGL.framework/Versions/A/Libraries/libCVMSPluginSupport.dylib
0x0000000211f2d000 	/System/Library/Frameworks/OpenGL.framework/Versions/A/Libraries/libCoreVMClient.dylib
0x00000001b9e59000 	/System/Library/Frameworks/MetalPerformanceShaders.framework/Versions/A/Frameworks/MPSCore.framework/Versions/A/MPSCore
0x00000001baffa000 	/System/Library/Frameworks/MetalPerformanceShaders.framework/Versions/A/Frameworks/MPSImage.framework/Versions/A/MPSImage
0x00000001baae9000 	/System/Library/Frameworks/MetalPerformanceShaders.framework/Versions/A/Frameworks/MPSNeuralNetwork.framework/Versions/A/MPSNeuralNetwork
0x00000001baf22000 	/System/Library/Frameworks/MetalPerformanceShaders.framework/Versions/A/Frameworks/MPSMatrix.framework/Versions/A/MPSMatrix
0x00000001bacfb000 	/System/Library/Frameworks/MetalPerformanceShaders.framework/Versions/A/Frameworks/MPSRayIntersector.framework/Versions/A/MPSRayIntersector
0x00000001baf53000 	/System/Library/Frameworks/MetalPerformanceShaders.framework/Versions/A/Frameworks/MPSNDArray.framework/Versions/A/MPSNDArray
0x000000021434f000 	/System/Library/Frameworks/MetalPerformanceShaders.framework/Versions/A/Frameworks/MPSFunctions.framework/Versions/A/MPSFunctions
0x00000001b1048000 	/System/Library/PrivateFrameworks/MetalTools.framework/Versions/A/MetalTools
0x00000001b9ed7000 	/System/Library/PrivateFrameworks/AggregateDictionary.framework/Versions/A/AggregateDictionary
0x00000001bbe0d000 	/usr/lib/libIOReport.dylib
0x00000001c6129000 	/System/Library/PrivateFrameworks/ASEProcessing.framework/Versions/A/ASEProcessing
0x00000001bc182000 	/System/Library/PrivateFrameworks/FaceCore.framework/Versions/A/FaceCore
0x00000001bc174000 	/System/Library/PrivateFrameworks/GraphVisualizer.framework/Versions/A/GraphVisualizer
0x000000021c603000 	/System/Library/PrivateFrameworks/FontServices.framework/Versions/A/FontServices
0x00000001bc595000 	/System/Library/PrivateFrameworks/OTSVG.framework/Versions/A/OTSVG
0x00000001b7ac5000 	/System/Library/Frameworks/ApplicationServices.framework/Versions/A/Frameworks/ATS.framework/Versions/A/Resources/libFontRegistry.dylib
0x00000001bc5e2000 	/System/Library/PrivateFrameworks/FontServices.framework/libhvf.dylib
0x000000021c604000 	/System/Library/PrivateFrameworks/FontServices.framework/libXTFontStaticRegistryData.dylib
0x00000002122d5000 	/System/Library/Frameworks/OpenCL.framework/Versions/A/OpenCL
0x00000001bbfdc000 	/System/Library/PrivateFrameworks/AppleVA.framework/Versions/A/AppleVA
0x00000001be17c000 	/System/Library/Frameworks/ApplicationServices.framework/Versions/A/Frameworks/ATS.framework/Versions/A/ATS
0x00000001b64ee000 	/System/Library/Frameworks/ApplicationServices.framework/Versions/A/Frameworks/HIServices.framework/Versions/A/HIServices
0x00000001bcfe5000 	/System/Library/Frameworks/ApplicationServices.framework/Versions/A/Frameworks/PrintCore.framework/Versions/A/PrintCore
0x00000001be513000 	/System/Library/Frameworks/ApplicationServices.framework/Versions/A/Frameworks/QD.framework/Versions/A/QD
0x00000001be50b000 	/System/Library/Frameworks/ApplicationServices.framework/Versions/A/Frameworks/ColorSyncLegacy.framework/Versions/A/ColorSyncLegacy
0x00000001be168000 	/System/Library/Frameworks/ApplicationServices.framework/Versions/A/Frameworks/SpeechSynthesis.framework/Versions/A/SpeechSynthesis
0x00000001bcfa6000 	/System/Library/Frameworks/ApplicationServices.framework/Versions/A/Frameworks/ATSUI.framework/Versions/A/ATSUI
0x00000001be4a0000 	/usr/lib/libcups.2.dylib
0x00000001be87a000 	/System/Library/Frameworks/Kerberos.framework/Versions/A/Kerberos
0x00000001be88b000 	/System/Library/Frameworks/GSS.framework/Versions/A/GSS
0x00000001be1ec000 	/usr/lib/libresolv.9.dylib
0x00000001bc5f1000 	/System/Library/PrivateFrameworks/Heimdal.framework/Versions/A/Heimdal
0x00000001c535f000 	/System/Library/Frameworks/Kerberos.framework/Versions/A/Libraries/libHeimdalProxy.dylib
0x00000001b713d000 	/System/Library/Frameworks/Network.framework/Versions/A/Network
0x00000001bc043000 	/usr/lib/libheimdal-asn1.dylib
0x00000001be8db000 	/System/Library/PrivateFrameworks/CommonAuth.framework/Versions/A/CommonAuth
0x00000001be0e2000 	/System/Library/PrivateFrameworks/AudioSession.framework/Versions/A/AudioSession
0x00000001bc0d5000 	/System/Library/PrivateFrameworks/MediaExperience.framework/Versions/A/MediaExperience
0x00000001bdf68000 	/System/Library/PrivateFrameworks/AudioSession.framework/libSessionUtility.dylib
0x00000001be51f000 	/System/Library/PrivateFrameworks/AudioResourceArbitration.framework/Versions/A/AudioResourceArbitration
0x00000001c26e5000 	/System/Library/PrivateFrameworks/PowerLog.framework/Versions/A/PowerLog
0x00000001bc04d000 	/System/Library/PrivateFrameworks/IconFoundation.framework/Versions/A/IconFoundation
0x00000001c142e000 	/System/Library/PrivateFrameworks/SpeechRecognitionCore.framework/Versions/A/SpeechRecognitionCore
0x00000001016d0000 	/Users/salmaahmed/Library/Java/JavaVirtualMachines/openjdk-19.0.1/Contents/Home/lib/server/libjvm.dylib
0x00000001006c0000 	/Users/salmaahmed/Library/Java/JavaVirtualMachines/openjdk-19.0.1/Contents/Home/lib/libjimage.dylib
0x00000001006ec000 	/Users/salmaahmed/Library/Java/JavaVirtualMachines/openjdk-19.0.1/Contents/Home/lib/libinstrument.dylib
0x0000000100738000 	/Users/salmaahmed/Library/Java/JavaVirtualMachines/openjdk-19.0.1/Contents/Home/lib/libjava.dylib
0x00000001015ec000 	/Users/salmaahmed/Library/Java/JavaVirtualMachines/openjdk-19.0.1/Contents/Home/lib/libnio.dylib
0x000000010160c000 	/Users/salmaahmed/Library/Java/JavaVirtualMachines/openjdk-19.0.1/Contents/Home/lib/libnet.dylib
0x000000010162c000 	/Users/salmaahmed/Library/Java/JavaVirtualMachines/openjdk-19.0.1/Contents/Home/lib/libzip.dylib
0x0000000100720000 	/Users/salmaahmed/.openjfx/cache/17.0.1/libprism_es2.dylib
0x00000001b3295000 	/System/Library/PrivateFrameworks/CoreServicesInternal.framework/Versions/A/CoreServicesInternal
0x000000021213e000 	/System/Library/Frameworks/OpenGL.framework/Versions/A/Resources/GLEngine.bundle/GLEngine
0x0000000211fc6000 	/System/Library/Frameworks/OpenGL.framework/Versions/A/Libraries/libGLProgrammability.dylib
0x000000010fbc0000 	/System/Library/Extensions/AppleMetalOpenGLRenderer.bundle/Contents/MacOS/AppleMetalOpenGLRenderer
0x00000002122ad000 	/System/Library/Frameworks/OpenGL.framework/Versions/A/Resources/GLRendererFloat.bundle/GLRendererFloat
0x00000002123ad000 	/System/Library/Extensions/AGXMetal13_3.bundle/Contents/MacOS/AGXMetal13_3
0x00000001d0c8b000 	/System/Library/PrivateFrameworks/GPURawCounter.framework/Versions/A/GPURawCounter
0x00000001cb42c000 	/System/Library/PrivateFrameworks/IOGPU.framework/Versions/A/IOGPU
0x000000010fdd8000 	/Users/salmaahmed/.openjfx/cache/17.0.1/libglass.dylib
0x00000001c293d000 	/System/Library/Frameworks/FileProvider.framework/Versions/A/FileProvider
0x00000001b6f0b000 	/System/Library/Frameworks/Accounts.framework/Versions/A/Accounts
0x00000001c2ac1000 	/System/Library/PrivateFrameworks/GenerationalStorage.framework/Versions/A/GenerationalStorage
0x00000001c3684000 	/System/Library/PrivateFrameworks/CoreSymbolication.framework/Versions/A/CoreSymbolication
0x00000001c26d9000 	/System/Library/PrivateFrameworks/SymptomDiagnosticReporter.framework/Versions/A/SymptomDiagnosticReporter
0x00000001b4585000 	/System/Library/PrivateFrameworks/DesktopServicesPriv.framework/Versions/A/DesktopServicesPriv
0x00000001b33f7000 	/usr/lib/libsandbox.1.dylib
0x00000001b7f89000 	/System/Library/PrivateFrameworks/UserManagement.framework/Versions/A/UserManagement
0x00000001c3641000 	/System/Library/PrivateFrameworks/DebugSymbols.framework/Versions/A/DebugSymbols
0x00000001be4fe000 	/System/Library/PrivateFrameworks/NetAuth.framework/Versions/A/NetAuth
0x00000001bf41f000 	/System/Library/PrivateFrameworks/Sharing.framework/Versions/A/Sharing
0x00000001b7f59000 	/System/Library/PrivateFrameworks/login.framework/Versions/A/Frameworks/loginsupport.framework/Versions/A/loginsupport
0x00000001c4876000 	/System/Library/PrivateFrameworks/Apple80211.framework/Versions/A/Apple80211
0x00000001bb0de000 	/System/Library/PrivateFrameworks/AuthKit.framework/Versions/A/AuthKit
0x00000001ba766000 	/System/Library/PrivateFrameworks/CoreUtils.framework/Versions/A/CoreUtils
0x00000001ba689000 	/System/Library/Frameworks/CoreWLAN.framework/Versions/A/CoreWLAN
0x00000001bf58f000 	/System/Library/Frameworks/IOBluetooth.framework/Versions/A/IOBluetooth
0x00000001c48d6000 	/System/Library/PrivateFrameworks/CoreWiFi.framework/Versions/A/CoreWiFi
0x00000001c3221000 	/System/Library/PrivateFrameworks/FrontBoardServices.framework/Versions/A/FrontBoardServices
0x00000001c32b9000 	/System/Library/PrivateFrameworks/BoardServices.framework/Versions/A/BoardServices
0x00000001ba979000 	/System/Library/PrivateFrameworks/AssertionServices.framework/Versions/A/AssertionServices
0x00000001c4a53000 	/System/Library/PrivateFrameworks/BackBoardServices.framework/Versions/A/BackBoardServices
0x00000001be972000 	/System/Library/PrivateFrameworks/CorePhoneNumbers.framework/Versions/A/CorePhoneNumbers
0x00000001be219000 	/System/Library/PrivateFrameworks/MultiverseSupport.framework/Versions/A/MultiverseSupport
0x00000001c4cd4000 	/System/Library/PrivateFrameworks/RemoteServiceDiscovery.framework/Versions/A/RemoteServiceDiscovery
0x00000001c2809000 	/System/Library/PrivateFrameworks/DiskManagement.framework/Versions/A/DiskManagement
0x00000001c270c000 	/System/Library/PrivateFrameworks/AppleIDAuthSupport.framework/Versions/A/AppleIDAuthSupport
0x0000000216b8b000 	/System/Library/PrivateFrameworks/AAAFoundation.framework/Versions/A/AAAFoundation
0x00000001be951000 	/System/Library/PrivateFrameworks/KeychainCircle.framework/Versions/A/KeychainCircle
0x00000001c4ce4000 	/System/Library/PrivateFrameworks/RemoteXPC.framework/Versions/A/RemoteXPC
0x00000001c27d5000 	/System/Library/PrivateFrameworks/MediaKit.framework/Versions/A/MediaKit
0x00000001c2719000 	/System/Library/Frameworks/DiscRecording.framework/Versions/A/DiscRecording
0x00000001bbf58000 	/usr/lib/libCoreStorage.dylib
0x00000001c4d50000 	/usr/lib/libcsfde.dylib
0x00000001bf664000 	/System/Library/PrivateFrameworks/ProtectedCloudStorage.framework/Versions/A/ProtectedCloudStorage
0x00000001c4d48000 	/System/Library/PrivateFrameworks/EFILogin.framework/Versions/A/EFILogin
0x00000001c2ae8000 	/System/Library/PrivateFrameworks/OctagonTrust.framework/Versions/A/OctagonTrust
0x000000021b78a000 	/System/Library/PrivateFrameworks/CoreUtilsExtras.framework/Versions/A/CoreUtilsExtras
0x00000001c263e000 	/System/Library/Frameworks/CoreBluetooth.framework/Versions/A/CoreBluetooth
0x00000001c53e4000 	/System/Library/Frameworks/AudioUnit.framework/Versions/A/AudioUnit
0x00000001bbf50000 	/usr/lib/libMatch.1.dylib
0x00000001d5171000 	/System/Library/Frameworks/Accelerate.framework/Versions/A/Frameworks/vImage.framework/Versions/A/Libraries/libCGInterfaces.dylib
0x0000000123dc4000 	/usr/lib/libobjc-trampolines.dylib
0x00000001b7c53000 	/System/Library/PrivateFrameworks/ViewBridge.framework/Versions/A/ViewBridge
0x00000001bc6b4000 	/System/Library/PrivateFrameworks/login.framework/Versions/A/login
0x0000000155be0000 	/Users/salmaahmed/.openjfx/cache/17.0.1/libjavafx_font.dylib
0x000000022fd59000 	/usr/lib/libRosetta.dylib
0x0000000169efc000 	/Users/salmaahmed/.openjfx/cache/17.0.1/libjavafx_iio.dylib


VM Arguments:
jvm_args: -javaagent:/Applications/IntelliJ IDEA CE.app/Contents/lib/idea_rt.jar=56138:/Applications/IntelliJ IDEA CE.app/Contents/bin -Dfile.encoding=UTF-8 -Dsun.stdout.encoding=UTF-8 -Dsun.stderr.encoding=UTF-8 --module-path=/Users/salmaahmed/.m2/repository/org/openjfx/javafx-fxml/17.0.1/javafx-fxml-17.0.1-mac-aarch64.jar:/Users/salmaahmed/.m2/repository/com/github/almasb/fxgl/17/fxgl-17.jar:/Users/salmaahmed/.m2/repository/com/dlsc/formsfx/formsfx-core/11.3.2/formsfx-core-11.3.2.jar:/Users/salmaahmed/.m2/repository/org/openjfx/javafx-media/17.0.1/javafx-media-17.0.1-mac-aarch64.jar:/Users/salmaahmed/.m2/repository/com/github/almasb/fxgl-core/17/fxgl-core-17.jar:/Users/salmaahmed/.m2/repository/com/gluonhq/attach/util/4.0.9/util-4.0.9.jar:/Users/salmaahmed/.m2/repository/com/github/almasb/fxgl-entity/17/fxgl-entity-17.jar:/Users/salmaahmed/.m2/repository/org/openjfx/javafx-web/17.0.1/javafx-web-17.0.1-mac-aarch64.jar:/Users/salmaahmed/.m2/repository/com/github/almasb/fxgl-scene/17/fxgl-scene-17.jar:/Users/salmaahmed/.m2/repository/com/github/almasb/fxgl-io/17/fxgl-io-17.jar:/Users/salmaahmed/.m2/repository/com/gluonhq/attach/audio/4.0.9/audio-4.0.9.jar:/Users/salmaahmed/.m2/repository/com/github/almasb/fxgl-gameplay/17/fxgl-gameplay-17.jar:/Users/salmaahmed/.m2/repository/org/openjfx/javafx-graphics/17.0.1/javafx-graphics-17.0.1-mac-aarch64.jar:/Users/salmaahmed/IdeaProjects/BloodBankManagmetSystem/target/classes:/Users/salmaahmed/.m2/repository/org/openjfx/javafx-controls/17.0.1/javafx-controls-17.0.1-mac-aarch64.jar:/Users/salmaahmed/.m2/repository/org/controlsfx/controlsfx/11.1.1/controlsfx-11.1.1.jar:/Users/salmaahmed/.m2/repository/org/jetbrains/kotlin/kotlin-stdlib/1.5.32/kotlin-stdlib-1.5.32-modular.jar:/Users/salmaahmed/.m2/repository/org/kordamp/bootstrapfx/bootstrapfx-core/0.4.0/bootstrapfx-core-0.4.0.jar:/Users/salmaahmed/.m2/repository/com/gluonhq/attach/lifecycle/4.0.9/lifecycle-4.0.9.jar:/Users/salmaahmed/.m2/repository/com/fasterxml/jackson/core/jackson-annotations/2.12.1/jackson-annotations-2.12.1.jar:/Users/salmaahmed/.m2/repository/com/fasterxml/jackson/core/jackson-databind/2.12.1/jackson-databind-2.12.1.jar:/Users/salmaahmed/.m2/repository/org/openjfx/-Djdk.module.main=com.example.bloodbankmanagmetsystem 
java_command: com.example.bloodbankmanagmetsystem/com.example.bloodbankmanagmetsystem.HomePage
java_class_path (initial): /Users/salmaahmed/.m2/repository/org/openjfx/javafx-controls/17.0.1/javafx-controls-17.0.1.jar:/Users/salmaahmed/.m2/repository/org/openjfx/javafx-graphics/17.0.1/javafx-graphics-17.0.1.jar:/Users/salmaahmed/.m2/repository/org/openjfx/javafx-base/17.0.1/javafx-base-17.0.1.jar:/Users/salmaahmed/.m2/repository/org/openjfx/javafx-fxml/17.0.1/javafx-fxml-17.0.1.jar:/Users/salmaahmed/.m2/repository/org/openjfx/javafx-web/17.0.1/javafx-web-17.0.1.jar:/Users/salmaahmed/.m2/repository/org/openjfx/javafx-media/17.0.1/javafx-media-17.0.1.jar:/Users/salmaahmed/.m2/repository/org/jetbrains/annotations/13.0/annotations-13.0.jar:/Users/salmaahmed/.m2/repository/org/jetbrains/kotlin/kotlin-stdlib-common/1.5.32/kotlin-stdlib-common-1.5.32.jar:/Users/salmaahmed/Desktop/STUDIES/mysql-connector-java-8.0.29/mysql-connector-java-8.0.29.jar
Launcher Type: SUN_STANDARD

[Global flags]
     intx CICompilerCount                          = 4                                         {product} {ergonomic}
     uint ConcGCThreads                            = 2                                         {product} {ergonomic}
     uint G1ConcRefinementThreads                  = 8                                         {product} {ergonomic}
   size_t G1HeapRegionSize                         = 1048576                                   {product} {ergonomic}
    uintx GCDrainStackTargetSize                   = 64                                        {product} {ergonomic}
   size_t InitialHeapSize                          = 134217728                                 {product} {ergonomic}
   size_t MarkStackSize                            = 4194304                                   {product} {ergonomic}
   size_t MaxHeapSize                              = 2147483648                                {product} {ergonomic}
   size_t MaxNewSize                               = 1287651328                                {product} {ergonomic}
   size_t MinHeapDeltaBytes                        = 1048576                                   {product} {ergonomic}
   size_t MinHeapSize                              = 8388608                                   {product} {ergonomic}
    uintx NonNMethodCodeHeapSize                   = 5839564                                {pd product} {ergonomic}
    uintx NonProfiledCodeHeapSize                  = 122909338                              {pd product} {ergonomic}
    uintx ProfiledCodeHeapSize                     = 122909338                              {pd product} {ergonomic}
    uintx ReservedCodeCacheSize                    = 251658240                              {pd product} {ergonomic}
     bool SegmentedCodeCache                       = true                                      {product} {ergonomic}
   size_t SoftMaxHeapSize                          = 2147483648                             {manageable} {ergonomic}
     bool UseCompressedClassPointers               = true                           {product lp64_product} {ergonomic}
     bool UseCompressedOops                        = true                           {product lp64_product} {ergonomic}
     bool UseG1GC                                  = true                                      {product} {ergonomic}
     bool UseNUMA                                  = false                                     {product} {ergonomic}
     bool UseNUMAInterleaving                      = false                                     {product} {ergonomic}

Logging:
Log output configuration:
 #0: stdout all=warning uptime,level,tags foldmultilines=false
 #1: stderr all=off uptime,level,tags foldmultilines=false

Environment Variables:
PATH=/Users/salmaahmed/opt/anaconda3/bin:/Users/salmaahmed/opt/anaconda3/condabin:/opt/homebrew/opt/ruby/bin:/usr/local/opt/ruby/bin:/usr/local/lib/ruby/gems/2.7.0/bin:/opt/homebrew/bin:/opt/homebrew/sbin:/Library/Frameworks/Python.framework/Versions/3.9/bin:/usr/local/bin:/usr/bin:/bin:/usr/sbin:/sbin:/usr/local/mysql/bin:/usr/local/share/dotnet:/opt/X11/bin:~/.dotnet/tools:/Library/Apple/usr/bin:/Library/Frameworks/Mono.framework/Versions/Current/Commands:/Applications/flutter/bin:/Users/salmaahmed/.rvm/bin
SHELL=/bin/zsh
LC_CTYPE=en_US.UTF-8
TMPDIR=/var/folders/c5/sv6kfcgs1cn3j92n5m45y_tm0000gn/T/

Active Locale:
LC_ALL=C/en_US.UTF-8/C/C/C/C
LC_COLLATE=C
LC_CTYPE=en_US.UTF-8
LC_MESSAGES=C
LC_MONETARY=C
LC_NUMERIC=C
LC_TIME=C

Signal Handlers:
   SIGSEGV: _ZL13crash_handleriP9__siginfoPv in libjvm.dylib, mask=11100110000111110111111111111111, flags=SA_RESTART|SA_SIGINFO
    SIGBUS: _ZL13crash_handleriP9__siginfoPv in libjvm.dylib, mask=11100110000111110111111111111111, flags=SA_RESTART|SA_SIGINFO
    SIGFPE: _ZL13crash_handleriP9__siginfoPv in libjvm.dylib, mask=11100110000111110111111111111111, flags=SA_RESTART|SA_SIGINFO
   SIGPIPE: _ZL17javaSignalHandleriP9__siginfoPv in libjvm.dylib, mask=11100110000111110111111111111111, flags=SA_RESTART|SA_SIGINFO
   SIGXFSZ: _ZL17javaSignalHandleriP9__siginfoPv in libjvm.dylib, mask=11100110000111110111111111111111, flags=SA_RESTART|SA_SIGINFO
    SIGILL: _ZL13crash_handleriP9__siginfoPv in libjvm.dylib, mask=11100110000111110111111111111111, flags=SA_RESTART|SA_SIGINFO
   SIGUSR2: _ZL10SR_handleriP9__siginfoP17__darwin_ucontext in libjvm.dylib, mask=00100000000000000000000000000000, flags=SA_RESTART|SA_SIGINFO
    SIGHUP: _ZL11UserHandleriPvS_ in libjvm.dylib, mask=11100110000111110111111111111111, flags=SA_RESTART|SA_SIGINFO
    SIGINT: _ZL11UserHandleriPvS_ in libjvm.dylib, mask=11100110000111110111111111111111, flags=SA_RESTART|SA_SIGINFO
   SIGTERM: _ZL11UserHandleriPvS_ in libjvm.dylib, mask=11100110000111110111111111111111, flags=SA_RESTART|SA_SIGINFO
   SIGQUIT: _ZL11UserHandleriPvS_ in libjvm.dylib, mask=11100110000111110111111111111111, flags=SA_RESTART|SA_SIGINFO
   SIGTRAP: _ZL13crash_handleriP9__siginfoPv in libjvm.dylib, mask=11100110000111110111111111111111, flags=SA_RESTART|SA_SIGINFO


---------------  S Y S T E M  ---------------

OS:
uname: Darwin 21.5.0 Darwin Kernel Version 21.5.0: Tue Apr 26 21:08:29 PDT 2022; root:xnu-8020.121.3~4/RELEASE_ARM64_T8101 arm64
OS uptime: 18 days 11:08 hours
rlimit (soft/hard): STACK 8176k/65520k , CORE 0k/infinity , NPROC 1333/2000 , NOFILE 10240/infinity , AS infinity/infinity , CPU infinity/infinity , DATA infinity/infinity , FSIZE infinity/infinity , MEMLOCK infinity/infinity , RSS infinity/infinity
load average: 2.57 2.45 2.22

CPU: total 8 (initial active 8) 0x61:0x0:0x1b588bb3:0, fp, simd, aes, pmull, crc32, lse

Memory: 16k page, physical 8388608k(90016k free), swap 3145728k(1241856k free)

vm_info: OpenJDK 64-Bit Server VM (19.0.1+10-21) for bsd-aarch64 JRE (19.0.1+10-21), built on 2022-09-14T12:45:06Z by "mach5one" with clang Apple LLVM 12.0.0 (clang-1200.0.32.29)

END.
